D C:\EAGLE-7.2.0
F 1357535040 1810 C:\EAGLE-7.2.0\bin\designlink22.png
F 1417068120 47844 C:\EAGLE-7.2.0\bin\eagle.def
F 1417093786 15077376 C:\EAGLE-7.2.0\bin\eagle.exe
F 1417068120 887839 C:\EAGLE-7.2.0\bin\eagle_de.htm
F 1417068120 391274 C:\EAGLE-7.2.0\bin\eagle_de.qm
F 1417068120 801539 C:\EAGLE-7.2.0\bin\eagle_en.htm
F 1417068120 323207 C:\EAGLE-7.2.0\bin\eagle_hu.qm
F 1417068120 375319 C:\EAGLE-7.2.0\bin\eagle_ru.qm
F 1417068120 238572 C:\EAGLE-7.2.0\bin\eagle_zh.qm
F 1407740460 4111 C:\EAGLE-7.2.0\bin\freeware.key
F 840426660 798 C:\EAGLE-7.2.0\bin\layers.new
F 1323749520 808 C:\EAGLE-7.2.0\bin\ltspice.png
F 1326344460 471 C:\EAGLE-7.2.0\bin\pads-pcb.png
F 1292213460 603 C:\EAGLE-7.2.0\bin\pcb-service.png
F 1208754000 1768 C:\EAGLE-7.2.0\bin\platforms-lin.png
F 1208754000 1907 C:\EAGLE-7.2.0\bin\platforms-mac.png
F 1208754000 2019 C:\EAGLE-7.2.0\bin\platforms-win.png
F 1417068120 325046 C:\EAGLE-7.2.0\bin\qt_de.qm
F 1417068120 272162 C:\EAGLE-7.2.0\bin\qt_hu.qm
F 1417068120 288364 C:\EAGLE-7.2.0\bin\qt_ru.qm
F 1417068120 117337 C:\EAGLE-7.2.0\bin\qt_zh_CN.qm
F 1417068120 117253 C:\EAGLE-7.2.0\bin\qt_zh_TW.qm
F 1165979780 583 C:\EAGLE-7.2.0\bin\uninstall.bat
F 829540200 103152 C:\EAGLE-7.2.0\bin\update26.exe
F 1165979780 420 C:\EAGLE-7.2.0\cam\DESCRIPTION
F 1165979780 1487 C:\EAGLE-7.2.0\cam\excellon.cam
F 1269925680 9991 C:\EAGLE-7.2.0\cam\gerb274x-4layer.cam
F 1269925680 5076 C:\EAGLE-7.2.0\cam\gerb274x.cam
F 1269925680 6625 C:\EAGLE-7.2.0\cam\gerber.cam
F 829540200 921 C:\EAGLE-7.2.0\cam\glaser.whl
F 1269925680 2118 C:\EAGLE-7.2.0\cam\layout2.cam
F 1165979780 1716 C:\EAGLE-7.2.0\cam\schematic.cam
F 1323749520 835035 C:\EAGLE-7.2.0\doc\connect-device-split-symbol-de.pdf
F 1323749520 829216 C:\EAGLE-7.2.0\doc\connect-device-split-symbol-en.pdf
F 1401689160 21361 C:\EAGLE-7.2.0\doc\eagle.dtd
F 1417068120 513379 C:\EAGLE-7.2.0\doc\EagleIDFExporterInstructions.pdf
F 1263269220 4932093 C:\EAGLE-7.2.0\doc\elektro-tutorial.pdf
F 1165979780 199053 C:\EAGLE-7.2.0\doc\generate-3d-idf-data_de.pdf
F 1208754000 87219 C:\EAGLE-7.2.0\doc\generate-3d-idf-data_en.pdf
F 1375855500 103534 C:\EAGLE-7.2.0\doc\layer-setup_designrules.pdf
F 1208754000 1657 C:\EAGLE-7.2.0\doc\library_de.txt
F 1208754000 1676 C:\EAGLE-7.2.0\doc\library_en.txt
F 1407740460 30256 C:\EAGLE-7.2.0\doc\license_de.txt
F 1407740460 24188 C:\EAGLE-7.2.0\doc\license_en.txt
F 1323749520 1283566 C:\EAGLE-7.2.0\doc\make-symbol-device-package-bsdl-2011-de.pdf
F 1323749520 1280752 C:\EAGLE-7.2.0\doc\make-symbol-device-package-bsdl-2011-en.pdf
F 1417068120 6035905 C:\EAGLE-7.2.0\doc\manual_de.pdf
F 1417068120 5781910 C:\EAGLE-7.2.0\doc\manual_en.pdf
F 1334296920 4932329 C:\EAGLE-7.2.0\doc\manual_zh.pdf
F 1405321200 4450 C:\EAGLE-7.2.0\doc\README_de.txt
F 1405321200 4488 C:\EAGLE-7.2.0\doc\README_en.txt
F 1407740460 1124222 C:\EAGLE-7.2.0\doc\tutorial_de.pdf
F 1417068120 1142538 C:\EAGLE-7.2.0\doc\tutorial_en.pdf
F 1334296920 942580 C:\EAGLE-7.2.0\doc\tutorial_zh.pdf
F 1417068120 404628 C:\EAGLE-7.2.0\doc\UPDATE_de.txt
F 1417068120 345317 C:\EAGLE-7.2.0\doc\UPDATE_en.txt
F 1165979780 2343 C:\EAGLE-7.2.0\dru\default.dru
F 1165979780 656 C:\EAGLE-7.2.0\dru\DESCRIPTION
F 1349676180 799111 C:\EAGLE-7.2.0\lbr\19inch.lbr
F 1323749520 378599 C:\EAGLE-7.2.0\lbr\40xx.lbr
F 1323749520 29123 C:\EAGLE-7.2.0\lbr\41xx.lbr
F 1323749520 234905 C:\EAGLE-7.2.0\lbr\45xx.lbr
F 1323749520 388496 C:\EAGLE-7.2.0\lbr\74ac-logic.lbr
F 1401689160 1749923 C:\EAGLE-7.2.0\lbr\74ttl-din.lbr
F 1401689160 1278778 C:\EAGLE-7.2.0\lbr\74xx-eu.lbr
F 1401689160 86071 C:\EAGLE-7.2.0\lbr\74xx-little-de.lbr
F 1401689160 78301 C:\EAGLE-7.2.0\lbr\74xx-little-us.lbr
F 1401689160 1267561 C:\EAGLE-7.2.0\lbr\74xx-us.lbr
F 1323749520 80088 C:\EAGLE-7.2.0\lbr\751xx.lbr
F 1401689160 57474 C:\EAGLE-7.2.0\lbr\advanced-test-technologies.lbr
F 1323749520 29115 C:\EAGLE-7.2.0\lbr\agilent-technologies.lbr
F 1401689160 140315 C:\EAGLE-7.2.0\lbr\allegro.lbr
F 1323749520 1465950 C:\EAGLE-7.2.0\lbr\altera-cyclone-II.lbr
F 1323749520 267853 C:\EAGLE-7.2.0\lbr\altera-cyclone-III.lbr
F 1323749520 6541311 C:\EAGLE-7.2.0\lbr\altera-stratix-iv.lbr
F 1323749520 2720071 C:\EAGLE-7.2.0\lbr\altera.lbr
F 1323749520 271321 C:\EAGLE-7.2.0\lbr\am29-memory.lbr
F 1323749520 689939 C:\EAGLE-7.2.0\lbr\amd-mach.lbr
F 1323749520 22450 C:\EAGLE-7.2.0\lbr\amd.lbr
F 1323749520 14068 C:\EAGLE-7.2.0\lbr\amis.lbr
F 1417068120 2097146 C:\EAGLE-7.2.0\lbr\analog-devices.lbr
F 1375855500 43645 C:\EAGLE-7.2.0\lbr\aplus.lbr
F 1323749520 23090 C:\EAGLE-7.2.0\lbr\ase.lbr
F 1401689160 1162983 C:\EAGLE-7.2.0\lbr\atmel.lbr
F 1401689160 17432 C:\EAGLE-7.2.0\lbr\austriamicrosystems.lbr
F 1417068120 64129 C:\EAGLE-7.2.0\lbr\avago.lbr
F 1323749520 28144 C:\EAGLE-7.2.0\lbr\axis.lbr
F 1417068120 208107 C:\EAGLE-7.2.0\lbr\battery.lbr
F 1401689160 29385 C:\EAGLE-7.2.0\lbr\belton-engineering.lbr
F 1323749520 1119505 C:\EAGLE-7.2.0\lbr\burr-brown.lbr
F 1323749520 85714 C:\EAGLE-7.2.0\lbr\busbar.lbr
F 1323749520 104581 C:\EAGLE-7.2.0\lbr\buzzer.lbr
F 1323749520 22454 C:\EAGLE-7.2.0\lbr\c-trimm.lbr
F 1323749520 10472 C:\EAGLE-7.2.0\lbr\california-micro-devices.lbr
F 1323749520 92918 C:\EAGLE-7.2.0\lbr\capacitor-wima.lbr
F 1417068120 225701 C:\EAGLE-7.2.0\lbr\ChangeLog.txt
F 1323749520 60095 C:\EAGLE-7.2.0\lbr\chipcard-siemens.lbr
F 1334296920 25039 C:\EAGLE-7.2.0\lbr\cirrus-logic.lbr
F 1401689160 1375159 C:\EAGLE-7.2.0\lbr\con-3m.lbr
F 1323749520 9695 C:\EAGLE-7.2.0\lbr\con-4ucon.lbr
F 1323749520 368370 C:\EAGLE-7.2.0\lbr\con-amp-champ.lbr
F 1323749520 57287 C:\EAGLE-7.2.0\lbr\con-amp-micromatch.lbr
F 1323749520 502218 C:\EAGLE-7.2.0\lbr\con-amp-mt.lbr
F 1323749520 121194 C:\EAGLE-7.2.0\lbr\con-amp-mt6.lbr
F 1323749520 761006 C:\EAGLE-7.2.0\lbr\con-amp-quick.lbr
F 1401689160 237083 C:\EAGLE-7.2.0\lbr\con-amp-te.lbr
F 1417068120 3954359 C:\EAGLE-7.2.0\lbr\con-amp.lbr
F 1334296920 110431 C:\EAGLE-7.2.0\lbr\con-amphenol.lbr
F 1323749520 74019 C:\EAGLE-7.2.0\lbr\con-avx.lbr
F 1323749520 31383 C:\EAGLE-7.2.0\lbr\con-berg.lbr
F 1401689160 54835 C:\EAGLE-7.2.0\lbr\con-bosch.lbr
F 1323749520 33599 C:\EAGLE-7.2.0\lbr\con-chipcard-iso7816.lbr
F 1417068120 89476 C:\EAGLE-7.2.0\lbr\con-coax.lbr
F 1323749520 272246 C:\EAGLE-7.2.0\lbr\con-commcon.lbr
F 1401689160 48974 C:\EAGLE-7.2.0\lbr\con-conrad.lbr
F 1323749520 1426084 C:\EAGLE-7.2.0\lbr\con-cpci.lbr
F 1401689160 12254 C:\EAGLE-7.2.0\lbr\con-cui.lbr
F 1401689160 241556 C:\EAGLE-7.2.0\lbr\con-cypressindustries.lbr
F 1323749520 328910 C:\EAGLE-7.2.0\lbr\con-deutsch.lbr
F 1323749520 281085 C:\EAGLE-7.2.0\lbr\con-dil.lbr
F 1401689160 219609 C:\EAGLE-7.2.0\lbr\con-ebyelectro.lbr
F 1323749520 8728 C:\EAGLE-7.2.0\lbr\con-elco.lbr
F 1323749520 276259 C:\EAGLE-7.2.0\lbr\con-erni.lbr
F 1323749520 18440 C:\EAGLE-7.2.0\lbr\con-faston.lbr
F 1323749520 100548 C:\EAGLE-7.2.0\lbr\con-fci.lbr
F 1323749520 8877 C:\EAGLE-7.2.0\lbr\con-friwo.lbr
F 1326344460 198080 C:\EAGLE-7.2.0\lbr\con-garry.lbr
F 1323749520 230820 C:\EAGLE-7.2.0\lbr\con-harting-h.lbr
F 1323749520 510430 C:\EAGLE-7.2.0\lbr\con-harting-ml.lbr
F 1323749520 294139 C:\EAGLE-7.2.0\lbr\con-harting-v.lbr
F 1326344460 324037 C:\EAGLE-7.2.0\lbr\con-harting.lbr
F 1401689160 793680 C:\EAGLE-7.2.0\lbr\con-hirose.lbr
F 1323749520 219319 C:\EAGLE-7.2.0\lbr\con-hirschmann.lbr
F 1323749520 24248 C:\EAGLE-7.2.0\lbr\con-jack.lbr
F 1323749520 74329 C:\EAGLE-7.2.0\lbr\con-jae.lbr
F 1323749520 109191 C:\EAGLE-7.2.0\lbr\con-jst.lbr
F 1401689160 52008 C:\EAGLE-7.2.0\lbr\con-kycon.lbr
F 1401689160 76916 C:\EAGLE-7.2.0\lbr\con-kyocera-elco.lbr
F 1323749520 195113 C:\EAGLE-7.2.0\lbr\con-lemo.lbr
F 1323749520 2906204 C:\EAGLE-7.2.0\lbr\con-leotronics.lbr
F 1323749520 620424 C:\EAGLE-7.2.0\lbr\con-lsta.lbr
F 1323749520 472091 C:\EAGLE-7.2.0\lbr\con-lstb.lbr
F 1417068120 415824 C:\EAGLE-7.2.0\lbr\con-lumberg.lbr
F 1323749520 457509 C:\EAGLE-7.2.0\lbr\con-ml.lbr
F 1417068120 3747297 C:\EAGLE-7.2.0\lbr\con-molex.lbr
F 1323749520 591878 C:\EAGLE-7.2.0\lbr\con-neutrik_ag.lbr
F 1401689160 1072332 C:\EAGLE-7.2.0\lbr\con-omron.lbr
F 1401689160 21807 C:\EAGLE-7.2.0\lbr\con-panasonic.lbr
F 1323749520 146811 C:\EAGLE-7.2.0\lbr\con-panduit.lbr
F 1323749520 738372 C:\EAGLE-7.2.0\lbr\con-pc.lbr
F 1323749520 116098 C:\EAGLE-7.2.0\lbr\con-pc104.lbr
F 1323749520 41262 C:\EAGLE-7.2.0\lbr\con-phoenix-254.lbr
F 1401689160 242510 C:\EAGLE-7.2.0\lbr\con-phoenix-3.81.lbr
F 1401689160 282782 C:\EAGLE-7.2.0\lbr\con-phoenix-350.lbr
F 1401689160 185020 C:\EAGLE-7.2.0\lbr\con-phoenix-500.lbr
F 1401689160 1080461 C:\EAGLE-7.2.0\lbr\con-phoenix-508.lbr
F 1323749520 237412 C:\EAGLE-7.2.0\lbr\con-phoenix-762.lbr
F 1323749520 15523 C:\EAGLE-7.2.0\lbr\con-phoenix-me_max.lbr
F 1323749520 68878 C:\EAGLE-7.2.0\lbr\con-phoenix-mkds_5.lbr
F 1323749520 493403 C:\EAGLE-7.2.0\lbr\con-phoenix-smkdsp.lbr
F 1375855500 601651 C:\EAGLE-7.2.0\lbr\con-ptr500.lbr
F 1323749520 191940 C:\EAGLE-7.2.0\lbr\con-pulse.lbr
F 1323749520 339959 C:\EAGLE-7.2.0\lbr\con-rib.lbr
F 1323749520 11924654 C:\EAGLE-7.2.0\lbr\con-samtec.lbr
F 1323749520 8346 C:\EAGLE-7.2.0\lbr\con-shallin.lbr
F 1323749520 10155 C:\EAGLE-7.2.0\lbr\con-shiua-chyuan.lbr
F 1401689160 14255 C:\EAGLE-7.2.0\lbr\con-stewart.lbr
F 1401689160 121647 C:\EAGLE-7.2.0\lbr\con-stocko.lbr
F 1349676180 1441857 C:\EAGLE-7.2.0\lbr\con-subd.lbr
F 1323749520 342585 C:\EAGLE-7.2.0\lbr\con-sullinselectronics.lbr
F 1323749520 653333 C:\EAGLE-7.2.0\lbr\con-thomas-betts.lbr
F 1401689160 234854 C:\EAGLE-7.2.0\lbr\con-tyco.lbr
F 1323749520 81727 C:\EAGLE-7.2.0\lbr\con-tycoelectronics.lbr
F 1323749520 2370165 C:\EAGLE-7.2.0\lbr\con-vg.lbr
F 1323749520 68564 C:\EAGLE-7.2.0\lbr\con-wago-500.lbr
F 1323749520 132224 C:\EAGLE-7.2.0\lbr\con-wago-508.lbr
F 1323749520 3786285 C:\EAGLE-7.2.0\lbr\con-wago.lbr
F 1323749520 2425198 C:\EAGLE-7.2.0\lbr\con-wago255.lbr
F 1323749520 1182514 C:\EAGLE-7.2.0\lbr\con-weidmueller-sl35.lbr
F 1323749520 14006 C:\EAGLE-7.2.0\lbr\con-wenzhou-yihua.lbr
F 1323749520 31259 C:\EAGLE-7.2.0\lbr\con-xmultiple.lbr
F 1323749520 283042 C:\EAGLE-7.2.0\lbr\con-yamaichi.lbr
F 1401689160 276558 C:\EAGLE-7.2.0\lbr\crystal.lbr
F 1323749520 35242 C:\EAGLE-7.2.0\lbr\csr.lbr
F 1417068120 548454 C:\EAGLE-7.2.0\lbr\cypress.lbr
F 1401689160 33089 C:\EAGLE-7.2.0\lbr\davicom.lbr
F 1405321200 88749 C:\EAGLE-7.2.0\lbr\dc-dc-converter.lbr
F 1165979780 1615 C:\EAGLE-7.2.0\lbr\DESCRIPTION
F 1323749520 6958 C:\EAGLE-7.2.0\lbr\dimensions.lbr
F 1405321200 552283 C:\EAGLE-7.2.0\lbr\diode.lbr
F 1323749520 17371 C:\EAGLE-7.2.0\lbr\discrete.lbr
F 1323749520 364784 C:\EAGLE-7.2.0\lbr\display-hp.lbr
F 1417068120 155878 C:\EAGLE-7.2.0\lbr\display-kingbright.lbr
F 1417068120 1021022 C:\EAGLE-7.2.0\lbr\display-lcd.lbr
F 1323749520 25927 C:\EAGLE-7.2.0\lbr\docu-dummy.lbr
F 1357535040 105579 C:\EAGLE-7.2.0\lbr\eagle-ltspice.lbr
F 1323749520 157703 C:\EAGLE-7.2.0\lbr\ecl.lbr
F 1208754000 147 C:\EAGLE-7.2.0\lbr\elektro\DESCRIPTION
F 1323749520 21761 C:\EAGLE-7.2.0\lbr\elektro\e-elektro-zeichnungsrahmen.lbr
F 1323749520 31428 C:\EAGLE-7.2.0\lbr\elektro\e-elektromechanische-antriebe.lbr
F 1323749520 67316 C:\EAGLE-7.2.0\lbr\elektro\e-halbleiter.lbr
F 1323749520 915206 C:\EAGLE-7.2.0\lbr\elektro\e-klemmen.lbr
F 1323749520 23446 C:\EAGLE-7.2.0\lbr\elektro\e-kondensatoren.lbr
F 1323749520 18150 C:\EAGLE-7.2.0\lbr\elektro\e-lampen-signalisation.lbr
F 1323749520 11512 C:\EAGLE-7.2.0\lbr\elektro\e-messfuehler.lbr
F 1323749520 31968 C:\EAGLE-7.2.0\lbr\elektro\e-messinstrumente.lbr
F 1323749520 16553 C:\EAGLE-7.2.0\lbr\elektro\e-motoren.lbr
F 1323749520 70398 C:\EAGLE-7.2.0\lbr\elektro\e-motorschutzschalter.lbr
F 1323749520 178246 C:\EAGLE-7.2.0\lbr\elektro\e-schalter.lbr
F 1357535040 98119 C:\EAGLE-7.2.0\lbr\elektro\e-schuetze-relais.lbr
F 1323749520 59955 C:\EAGLE-7.2.0\lbr\elektro\e-sicherungen.lbr
F 1323749520 335152 C:\EAGLE-7.2.0\lbr\elektro\e-sps.lbr
F 1323749520 33037 C:\EAGLE-7.2.0\lbr\elektro\e-spulen-transformatoren.lbr
F 1323749520 22225 C:\EAGLE-7.2.0\lbr\elektro\e-steckverbinder.lbr
F 1323749520 17106 C:\EAGLE-7.2.0\lbr\elektro\e-stromversorgungselemente.lbr
F 1323749520 162428 C:\EAGLE-7.2.0\lbr\elektro\e-symbole.lbr
F 1323749520 294643 C:\EAGLE-7.2.0\lbr\elektro\eib-busch-jaeger.lbr
F 1357535040 747 C:\EAGLE-7.2.0\lbr\element14\DESCRIPTION
F 1323749520 11483 C:\EAGLE-7.2.0\lbr\em-microelectronic.lbr
F 1401689160 353099 C:\EAGLE-7.2.0\lbr\etx-board.lbr
F 1323749520 622732 C:\EAGLE-7.2.0\lbr\exar.lbr
F 1323749520 42833 C:\EAGLE-7.2.0\lbr\fairchild-semic.lbr
F 1323749520 13654 C:\EAGLE-7.2.0\lbr\farnell.lbr
F 1323749520 72913 C:\EAGLE-7.2.0\lbr\fiber-optic-hp.lbr
F 1323749520 42907 C:\EAGLE-7.2.0\lbr\fiber-optic-siemens.lbr
F 1323749520 120192 C:\EAGLE-7.2.0\lbr\fifo.lbr
F 1401689160 78255 C:\EAGLE-7.2.0\lbr\flexipanel.lbr
F 1323749520 10792 C:\EAGLE-7.2.0\lbr\fox-electronics.lbr
F 1401689160 78834 C:\EAGLE-7.2.0\lbr\frames.lbr
F 1323749520 370419 C:\EAGLE-7.2.0\lbr\freescale.lbr
F 1349676180 62432 C:\EAGLE-7.2.0\lbr\ftdichip.lbr
F 1323749520 9572 C:\EAGLE-7.2.0\lbr\fujitsu.lbr
F 1401689160 123013 C:\EAGLE-7.2.0\lbr\fuse.lbr
F 1323749520 76875 C:\EAGLE-7.2.0\lbr\gennum.lbr
F 1323749520 26690 C:\EAGLE-7.2.0\lbr\halo-electronics.lbr
F 1323749520 181311 C:\EAGLE-7.2.0\lbr\heatsink.lbr
F 1334296920 49967 C:\EAGLE-7.2.0\lbr\holes.lbr
F 1323749520 49576 C:\EAGLE-7.2.0\lbr\holtek.lbr
F 1323749520 516924 C:\EAGLE-7.2.0\lbr\ic-package.lbr
F 1323749520 8871 C:\EAGLE-7.2.0\lbr\inductor-coilcraft.lbr
F 1323749520 454670 C:\EAGLE-7.2.0\lbr\inductor-neosid.lbr
F 1323749520 199916 C:\EAGLE-7.2.0\lbr\inductor-nkl.lbr
F 1357535040 330287 C:\EAGLE-7.2.0\lbr\inductors.lbr
F 1323749520 357148 C:\EAGLE-7.2.0\lbr\infineon-tricore.lbr
F 1407740460 162760 C:\EAGLE-7.2.0\lbr\infineon.lbr
F 1349676180 36104 C:\EAGLE-7.2.0\lbr\intersil-techwell.lbr
F 1323749520 17546 C:\EAGLE-7.2.0\lbr\intersil.lbr
F 1407740460 81916 C:\EAGLE-7.2.0\lbr\IQD-Frequency-Products.lbr
F 1323749520 74983 C:\EAGLE-7.2.0\lbr\ir.lbr
F 1323749520 28927 C:\EAGLE-7.2.0\lbr\isd.lbr
F 1323749520 8361 C:\EAGLE-7.2.0\lbr\johanson-technology.lbr
F 1323749520 11187 C:\EAGLE-7.2.0\lbr\jump-0r-smd.lbr
F 1357535040 176062 C:\EAGLE-7.2.0\lbr\jumper.lbr
F 1323749520 19028 C:\EAGLE-7.2.0\lbr\lantronix.lbr
F 1323749520 1131476 C:\EAGLE-7.2.0\lbr\lattice.lbr
F 1323749520 19828 C:\EAGLE-7.2.0\lbr\lc-filter.lbr
F 1323749520 36252 C:\EAGLE-7.2.0\lbr\led-7-segment.lbr
F 1323749520 14012 C:\EAGLE-7.2.0\lbr\led-citizen-electronics.lbr
F 1401689160 32426 C:\EAGLE-7.2.0\lbr\led-lumiled.lbr
F 1417068120 578173 C:\EAGLE-7.2.0\lbr\led.lbr
F 1349676180 19946 C:\EAGLE-7.2.0\lbr\lem.lbr
F 1417068120 282613 C:\EAGLE-7.2.0\lbr\linear-technology.lbr
F 1401689160 998699 C:\EAGLE-7.2.0\lbr\linear.lbr
F 1401689160 29883 C:\EAGLE-7.2.0\lbr\linx.lbr
F 1357535040 737418 C:\EAGLE-7.2.0\lbr\logo.lbr
F 1323749520 14322 C:\EAGLE-7.2.0\lbr\lprs.lbr
F 1323749520 80957 C:\EAGLE-7.2.0\lbr\lsi-computer-systems.lbr
F 1357535040 7371 C:\EAGLE-7.2.0\lbr\ltspice\capmeter.lbr
F 1357535040 139776 C:\EAGLE-7.2.0\lbr\ltspice\Comparators.lbr
F 1357535040 41093 C:\EAGLE-7.2.0\lbr\ltspice\Digital.lbr
F 1357535040 7746 C:\EAGLE-7.2.0\lbr\ltspice\diode.lbr
F 1357535040 72974 C:\EAGLE-7.2.0\lbr\ltspice\FilterProducts.lbr
F 1357535040 37474 C:\EAGLE-7.2.0\lbr\ltspice\lt-spice-simulation.lbr
F 1357535040 9220 C:\EAGLE-7.2.0\lbr\ltspice\lt-supply.lbr
F 1357535040 86521 C:\EAGLE-7.2.0\lbr\ltspice\Misc.lbr
F 1357535040 1289221 C:\EAGLE-7.2.0\lbr\ltspice\Opamps.lbr
F 1357535040 58567 C:\EAGLE-7.2.0\lbr\ltspice\Optos.lbr
F 1357535040 55946 C:\EAGLE-7.2.0\lbr\ltspice\PAsystem.lbr
F 1357535040 3375656 C:\EAGLE-7.2.0\lbr\ltspice\PowerProducts.lbr
F 1357535040 20268 C:\EAGLE-7.2.0\lbr\ltspice\References.lbr
F 1357535040 6953 C:\EAGLE-7.2.0\lbr\ltspice\rload.lbr
F 1357535040 183550 C:\EAGLE-7.2.0\lbr\ltspice\SpecialFunctions.lbr
F 1357535040 75562 C:\EAGLE-7.2.0\lbr\ltspice\sym.lbr
F 1323749520 27808 C:\EAGLE-7.2.0\lbr\lumiled.lbr
F 1401689160 42661 C:\EAGLE-7.2.0\lbr\marks.lbr
F 1375855500 1704704 C:\EAGLE-7.2.0\lbr\maxim.lbr
F 1401689160 52165 C:\EAGLE-7.2.0\lbr\maxstream.lbr
F 1323749520 9730 C:\EAGLE-7.2.0\lbr\melexis.lbr
F 1323749520 233033 C:\EAGLE-7.2.0\lbr\memory-hitachi.lbr
F 1323749520 1664677 C:\EAGLE-7.2.0\lbr\memory-idt.lbr
F 1401689160 145046 C:\EAGLE-7.2.0\lbr\memory-micron.lbr
F 1323749520 75646 C:\EAGLE-7.2.0\lbr\memory-motorola-dram.lbr
F 1323749520 138110 C:\EAGLE-7.2.0\lbr\memory-nec.lbr
F 1323749520 67939 C:\EAGLE-7.2.0\lbr\memory-samsung.lbr
F 1323749520 287874 C:\EAGLE-7.2.0\lbr\memory-sram.lbr
F 1323749520 408084 C:\EAGLE-7.2.0\lbr\memory.lbr
F 1323749520 10368 C:\EAGLE-7.2.0\lbr\mems.lbr
F 1323749520 32389 C:\EAGLE-7.2.0\lbr\micrel.lbr
F 1323749520 58343 C:\EAGLE-7.2.0\lbr\micro-cyrod.lbr
F 1323749520 486451 C:\EAGLE-7.2.0\lbr\micro-fujitsu.lbr
F 1323749520 224564 C:\EAGLE-7.2.0\lbr\micro-harris.lbr
F 1323749520 162626 C:\EAGLE-7.2.0\lbr\micro-hitachi.lbr
F 1323749520 49706 C:\EAGLE-7.2.0\lbr\micro-infineon.lbr
F 1323749520 1711640 C:\EAGLE-7.2.0\lbr\micro-intel.lbr
F 1323749520 389625 C:\EAGLE-7.2.0\lbr\micro-mc68000.lbr
F 1323749520 820156 C:\EAGLE-7.2.0\lbr\micro-motorola.lbr
F 1401689160 793111 C:\EAGLE-7.2.0\lbr\micro-philips.lbr
F 1417068120 273207 C:\EAGLE-7.2.0\lbr\micro-renesas.lbr
F 1323749520 23203 C:\EAGLE-7.2.0\lbr\micro-samsung.lbr
F 1323749520 1816349 C:\EAGLE-7.2.0\lbr\micro-siemens.lbr
F 1407740460 1527148 C:\EAGLE-7.2.0\lbr\microchip.lbr
F 1401689160 32013 C:\EAGLE-7.2.0\lbr\micron.lbr
F 1323749520 121576 C:\EAGLE-7.2.0\lbr\micronas.lbr
F 1401689160 26508 C:\EAGLE-7.2.0\lbr\microphon.lbr
F 1349676180 35731 C:\EAGLE-7.2.0\lbr\microwave.lbr
F 1323749520 10429 C:\EAGLE-7.2.0\lbr\midori-sensor.lbr
F 1323749520 39449 C:\EAGLE-7.2.0\lbr\minicircuits.lbr
F 1323749520 19819 C:\EAGLE-7.2.0\lbr\mitsubishi-semiconductor.lbr
F 1323749520 85990 C:\EAGLE-7.2.0\lbr\motorola-sensor-driver.lbr
F 1323749520 20111 C:\EAGLE-7.2.0\lbr\murata-filter.lbr
F 1323749520 11965 C:\EAGLE-7.2.0\lbr\murata-sensor.lbr
F 1323749520 12626 C:\EAGLE-7.2.0\lbr\nanotec.lbr
F 1323749520 33300 C:\EAGLE-7.2.0\lbr\national-instruments.lbr
F 1323749520 139837 C:\EAGLE-7.2.0\lbr\national-semiconductor.lbr
F 1323749520 19055 C:\EAGLE-7.2.0\lbr\nec-lqfp100-pack.lbr
F 1323749520 9148 C:\EAGLE-7.2.0\lbr\nec.lbr
F 1323749520 25849 C:\EAGLE-7.2.0\lbr\nrj-semiconductor.lbr
F 1323749520 9839 C:\EAGLE-7.2.0\lbr\omnivision.lbr
F 1417068120 83029 C:\EAGLE-7.2.0\lbr\on-semiconductor.lbr
F 1323749520 254505 C:\EAGLE-7.2.0\lbr\opto-honeywell-3000.lbr
F 1323749520 233924 C:\EAGLE-7.2.0\lbr\opto-honeywell-4000.lbr
F 1323749520 361973 C:\EAGLE-7.2.0\lbr\opto-honeywell.lbr
F 1323749520 27695 C:\EAGLE-7.2.0\lbr\opto-micro-linear.lbr
F 1323749520 57195 C:\EAGLE-7.2.0\lbr\opto-trans-siemens.lbr
F 1323749520 40224 C:\EAGLE-7.2.0\lbr\opto-transmittter-hp.lbr
F 1375855500 34229 C:\EAGLE-7.2.0\lbr\opto-vishay.lbr
F 1375855500 367744 C:\EAGLE-7.2.0\lbr\optocoupler.lbr
F 1323749520 169296 C:\EAGLE-7.2.0\lbr\pal.lbr
F 1349676180 26827 C:\EAGLE-7.2.0\lbr\philips-semiconductors.lbr
F 1323749520 59914 C:\EAGLE-7.2.0\lbr\photo-elements.lbr
F 1323749520 75952 C:\EAGLE-7.2.0\lbr\piher.lbr
F 1401689160 1239053 C:\EAGLE-7.2.0\lbr\pinhead.lbr
F 1326344460 439871 C:\EAGLE-7.2.0\lbr\plcc-socket.lbr
F 1323749520 218812 C:\EAGLE-7.2.0\lbr\pld-intel.lbr
F 1323749520 240400 C:\EAGLE-7.2.0\lbr\plxtech.lbr
F 1323749520 9634 C:\EAGLE-7.2.0\lbr\pot-vitrohm.lbr
F 1323749520 12453 C:\EAGLE-7.2.0\lbr\pot-xicor.lbr
F 1323749520 194885 C:\EAGLE-7.2.0\lbr\pot.lbr
F 1323749520 37601 C:\EAGLE-7.2.0\lbr\ptc-ntc.lbr
F 1323749520 209054 C:\EAGLE-7.2.0\lbr\quantum-research-group.lbr
F 1417068120 997005 C:\EAGLE-7.2.0\lbr\rcl.lbr
F 1323749520 29313 C:\EAGLE-7.2.0\lbr\recom-international.lbr
F 1323749520 134253 C:\EAGLE-7.2.0\lbr\rectifier.lbr
F 1323749520 9869190 C:\EAGLE-7.2.0\lbr\ref-packages-longpad.lbr
F 1323749520 9931844 C:\EAGLE-7.2.0\lbr\ref-packages.lbr
F 1357535040 1755072 C:\EAGLE-7.2.0\lbr\relay.lbr
F 1401689160 74946 C:\EAGLE-7.2.0\lbr\renesas.lbr
F 1323749520 117545 C:\EAGLE-7.2.0\lbr\resistor-bourns.lbr
F 1323749520 147846 C:\EAGLE-7.2.0\lbr\resistor-dil.lbr
F 1323749520 117029 C:\EAGLE-7.2.0\lbr\resistor-net.lbr
F 1323749520 167029 C:\EAGLE-7.2.0\lbr\resistor-power.lbr
F 1323749520 14637 C:\EAGLE-7.2.0\lbr\resistor-ruf.lbr
F 1323749520 60519 C:\EAGLE-7.2.0\lbr\resistor-shunt.lbr
F 1323749520 258919 C:\EAGLE-7.2.0\lbr\resistor-sil.lbr
F 1417068120 903174 C:\EAGLE-7.2.0\lbr\resistor.lbr
F 1323749520 53394 C:\EAGLE-7.2.0\lbr\rf-micro-devices.lbr
F 1323749520 23307 C:\EAGLE-7.2.0\lbr\rf-solutions.lbr
F 1323749520 47965 C:\EAGLE-7.2.0\lbr\rohm.lbr
F 1405321200 10240 C:\EAGLE-7.2.0\lbr\roundsolutions.lbr
F 1323749520 39128 C:\EAGLE-7.2.0\lbr\semicon-smd-ipc.lbr
F 1323749520 10156 C:\EAGLE-7.2.0\lbr\sensor-comus-group.lbr
F 1323749520 11010 C:\EAGLE-7.2.0\lbr\sensor-heraeus.lbr
F 1323749520 8237 C:\EAGLE-7.2.0\lbr\sensor-infratec.lbr
F 1401689160 70628 C:\EAGLE-7.2.0\lbr\sharp.lbr
F 1405321200 64246 C:\EAGLE-7.2.0\lbr\silabs.lbr
F 1323749520 21362 C:\EAGLE-7.2.0\lbr\sim-technology.lbr
F 1323749520 24910 C:\EAGLE-7.2.0\lbr\sipex.lbr
F 1323749520 4630368 C:\EAGLE-7.2.0\lbr\smd-ipc.lbr
F 1323749520 571324 C:\EAGLE-7.2.0\lbr\smd-special.lbr
F 1401689160 60108 C:\EAGLE-7.2.0\lbr\solomon-systech.lbr
F 1323749520 18714 C:\EAGLE-7.2.0\lbr\solpad.lbr
F 1401689160 8838 C:\EAGLE-7.2.0\lbr\speaker.lbr
F 1323749520 10668 C:\EAGLE-7.2.0\lbr\special-drill.lbr
F 1323749520 466483 C:\EAGLE-7.2.0\lbr\special.lbr
F 1405321200 612318 C:\EAGLE-7.2.0\lbr\st-microelectronics.lbr
F 1405321200 48291 C:\EAGLE-7.2.0\lbr\stm32xx.lbr
F 1401689160 13233 C:\EAGLE-7.2.0\lbr\supertex.lbr
F 1323749520 26125 C:\EAGLE-7.2.0\lbr\supply1.lbr
F 1323749520 36556 C:\EAGLE-7.2.0\lbr\supply2.lbr
F 1349676180 10150 C:\EAGLE-7.2.0\lbr\switch-alps.lbr
F 1323749520 9666 C:\EAGLE-7.2.0\lbr\switch-coto.lbr
F 1401689160 765219 C:\EAGLE-7.2.0\lbr\switch-dil.lbr
F 1323749520 168536 C:\EAGLE-7.2.0\lbr\switch-misc.lbr
F 1323749520 101202 C:\EAGLE-7.2.0\lbr\switch-omron.lbr
F 1323749520 8895 C:\EAGLE-7.2.0\lbr\switch-raychem.lbr
F 1323749520 25045 C:\EAGLE-7.2.0\lbr\switch-reed.lbr
F 1349676180 587806 C:\EAGLE-7.2.0\lbr\switch.lbr
F 1323749520 7968 C:\EAGLE-7.2.0\lbr\telcom.lbr
F 1323749520 17248 C:\EAGLE-7.2.0\lbr\telecontrolli.lbr
F 1323749520 29148 C:\EAGLE-7.2.0\lbr\telefunken.lbr
F 1323749520 68857 C:\EAGLE-7.2.0\lbr\testpad.lbr
F 1349676180 25177 C:\EAGLE-7.2.0\lbr\texas-sn55-sn75.lbr
F 1417068120 3125874 C:\EAGLE-7.2.0\lbr\texas.lbr
F 1323749520 37490 C:\EAGLE-7.2.0\lbr\toshiba.lbr
F 1323749520 54972 C:\EAGLE-7.2.0\lbr\traco-electronic.lbr
F 1323749520 17008 C:\EAGLE-7.2.0\lbr\trafo-bei.lbr
F 1349676180 114886 C:\EAGLE-7.2.0\lbr\trafo-hammondmfg.lbr
F 1323749520 414560 C:\EAGLE-7.2.0\lbr\trafo-siemens.lbr
F 1323749520 31885 C:\EAGLE-7.2.0\lbr\trafo-xicon.lbr
F 1323749520 603685 C:\EAGLE-7.2.0\lbr\trafo.lbr
F 1334296920 8009 C:\EAGLE-7.2.0\lbr\transformer-pulse.lbr
F 1323749520 172646 C:\EAGLE-7.2.0\lbr\transistor-fet.lbr
F 1323749520 240024 C:\EAGLE-7.2.0\lbr\transistor-neu-to92.lbr
F 1323749520 184744 C:\EAGLE-7.2.0\lbr\transistor-npn.lbr
F 1323749520 141417 C:\EAGLE-7.2.0\lbr\transistor-pnp.lbr
F 1401689160 290511 C:\EAGLE-7.2.0\lbr\transistor-power.lbr
F 1323749520 217841 C:\EAGLE-7.2.0\lbr\transistor-small-signal.lbr
F 1375855500 233964 C:\EAGLE-7.2.0\lbr\transistor.lbr
F 1323749520 94666 C:\EAGLE-7.2.0\lbr\triac.lbr
F 1401689160 109231 C:\EAGLE-7.2.0\lbr\trimble.lbr
F 1323749520 14784 C:\EAGLE-7.2.0\lbr\tripas.lbr
F 1323749520 28425 C:\EAGLE-7.2.0\lbr\u-blox.lbr
F 1323749520 72921 C:\EAGLE-7.2.0\lbr\uln-udn.lbr
F 1323749520 14568 C:\EAGLE-7.2.0\lbr\v-reg-micrel.lbr
F 1323749520 149496 C:\EAGLE-7.2.0\lbr\v-reg.lbr
F 1323749520 219496 C:\EAGLE-7.2.0\lbr\varistor.lbr
F 1323749520 394850 C:\EAGLE-7.2.0\lbr\wafer-scale-psd.lbr
F 1323749520 29857 C:\EAGLE-7.2.0\lbr\wirepad.lbr
F 1323749520 12006 C:\EAGLE-7.2.0\lbr\xicor.lbr
F 1323749520 727148 C:\EAGLE-7.2.0\lbr\xilinx-virtex-v5.lbr
F 1323749520 71769 C:\EAGLE-7.2.0\lbr\xilinx-xc18v.lbr
F 1323749520 31442 C:\EAGLE-7.2.0\lbr\xilinx-xc9.lbr
F 1401689160 8431465 C:\EAGLE-7.2.0\lbr\xilinx-xcv.lbr
F 1375855500 163708 C:\EAGLE-7.2.0\lbr\zetex.lbr
F 1401689160 49918 C:\EAGLE-7.2.0\lbr\zilog.lbr
F 1357535040 120 C:\EAGLE-7.2.0\misc\ltspice\lib\sub\node.sub
F 1357535040 454 C:\EAGLE-7.2.0\misc\ltspice\lib\sym\eagle\dioden\DIODE_E-.asy
F 1357535040 454 C:\EAGLE-7.2.0\misc\ltspice\lib\sym\eagle\dioden\DIODE_E-DO35-7.asy
F 1357535040 454 C:\EAGLE-7.2.0\misc\ltspice\lib\sym\eagle\dioden\DIODE_E-SMC.asy
F 1357535040 689 C:\EAGLE-7.2.0\misc\ltspice\lib\sym\eagle\led\LED_E.asy
F 1357535040 689 C:\EAGLE-7.2.0\misc\ltspice\lib\sym\eagle\led\LED_ELD260.asy
F 1357535040 689 C:\EAGLE-7.2.0\misc\ltspice\lib\sym\eagle\led\LED_ESML0603.asy
F 1357535040 537 C:\EAGLE-7.2.0\misc\ltspice\lib\sym\eagle\rcl\C.asy
F 1357535040 537 C:\EAGLE-7.2.0\misc\ltspice\lib\sym\eagle\rcl\CC0201.asy
F 1357535040 537 C:\EAGLE-7.2.0\misc\ltspice\lib\sym\eagle\rcl\CC0402.asy
F 1357535040 537 C:\EAGLE-7.2.0\misc\ltspice\lib\sym\eagle\rcl\CC0504.asy
F 1357535040 537 C:\EAGLE-7.2.0\misc\ltspice\lib\sym\eagle\rcl\CC0603.asy
F 1357535040 537 C:\EAGLE-7.2.0\misc\ltspice\lib\sym\eagle\rcl\CC1005.asy
F 1357535040 537 C:\EAGLE-7.2.0\misc\ltspice\lib\sym\eagle\rcl\CC1206.asy
F 1357535040 537 C:\EAGLE-7.2.0\misc\ltspice\lib\sym\eagle\rcl\CC1210.asy
F 1357535040 537 C:\EAGLE-7.2.0\misc\ltspice\lib\sym\eagle\rcl\CC1310.asy
F 1357535040 537 C:\EAGLE-7.2.0\misc\ltspice\lib\sym\eagle\rcl\CC1608.asy
F 1357535040 537 C:\EAGLE-7.2.0\misc\ltspice\lib\sym\eagle\rcl\CC1808.asy
F 1357535040 537 C:\EAGLE-7.2.0\misc\ltspice\lib\sym\eagle\rcl\CC1812.asy
F 1357535040 537 C:\EAGLE-7.2.0\misc\ltspice\lib\sym\eagle\rcl\CC1825.asy
F 1357535040 537 C:\EAGLE-7.2.0\misc\ltspice\lib\sym\eagle\rcl\CC2012.asy
F 1357535040 537 C:\EAGLE-7.2.0\misc\ltspice\lib\sym\eagle\rcl\CC3216.asy
F 1357535040 537 C:\EAGLE-7.2.0\misc\ltspice\lib\sym\eagle\rcl\CC3225.asy
F 1357535040 537 C:\EAGLE-7.2.0\misc\ltspice\lib\sym\eagle\rcl\CC3640.asy
F 1357535040 537 C:\EAGLE-7.2.0\misc\ltspice\lib\sym\eagle\rcl\CC4532.asy
F 1357535040 537 C:\EAGLE-7.2.0\misc\ltspice\lib\sym\eagle\rcl\CC4564.asy
F 1357535040 1519 C:\EAGLE-7.2.0\misc\ltspice\lib\sym\eagle\rcl\L.asy
F 1357535040 1519 C:\EAGLE-7.2.0\misc\ltspice\lib\sym\eagle\rcl\L0204_7.asy
F 1357535040 1519 C:\EAGLE-7.2.0\misc\ltspice\lib\sym\eagle\rcl\L0207_10.asy
F 1357535040 1519 C:\EAGLE-7.2.0\misc\ltspice\lib\sym\eagle\rcl\LL0201.asy
F 1357535040 1519 C:\EAGLE-7.2.0\misc\ltspice\lib\sym\eagle\rcl\LL2012C.asy
F 1357535040 1519 C:\EAGLE-7.2.0\misc\ltspice\lib\sym\eagle\rcl\LL2825P.asy
F 1357535040 1519 C:\EAGLE-7.2.0\misc\ltspice\lib\sym\eagle\rcl\LL3216C.asy
F 1357535040 1519 C:\EAGLE-7.2.0\misc\ltspice\lib\sym\eagle\rcl\LL3225M.asy
F 1357535040 1519 C:\EAGLE-7.2.0\misc\ltspice\lib\sym\eagle\rcl\LL3225P.asy
F 1357535040 1519 C:\EAGLE-7.2.0\misc\ltspice\lib\sym\eagle\rcl\LL3230M.asy
F 1357535040 1519 C:\EAGLE-7.2.0\misc\ltspice\lib\sym\eagle\rcl\LL4035M.asy
F 1357535040 1519 C:\EAGLE-7.2.0\misc\ltspice\lib\sym\eagle\rcl\LL4516C.asy
F 1357535040 1519 C:\EAGLE-7.2.0\misc\ltspice\lib\sym\eagle\rcl\LL4532C.asy
F 1357535040 1519 C:\EAGLE-7.2.0\misc\ltspice\lib\sym\eagle\rcl\LL4532P.asy
F 1357535040 1519 C:\EAGLE-7.2.0\misc\ltspice\lib\sym\eagle\rcl\LL5038P.asy
F 1357535040 1519 C:\EAGLE-7.2.0\misc\ltspice\lib\sym\eagle\rcl\LL5650M.asy
F 1357535040 1519 C:\EAGLE-7.2.0\misc\ltspice\lib\sym\eagle\rcl\LL8530M.asy
F 1357535040 398 C:\EAGLE-7.2.0\misc\ltspice\lib\sym\eagle\rcl\R.asy
F 1357535040 398 C:\EAGLE-7.2.0\misc\ltspice\lib\sym\eagle\rcl\R0204_7.asy
F 1357535040 398 C:\EAGLE-7.2.0\misc\ltspice\lib\sym\eagle\rcl\R0207_10.asy
F 1357535040 398 C:\EAGLE-7.2.0\misc\ltspice\lib\sym\eagle\rcl\RR0201.asy
F 1357535040 398 C:\EAGLE-7.2.0\misc\ltspice\lib\sym\eagle\rcl\RR0402.asy
F 1357535040 398 C:\EAGLE-7.2.0\misc\ltspice\lib\sym\eagle\rcl\RR0603.asy
F 1357535040 398 C:\EAGLE-7.2.0\misc\ltspice\lib\sym\eagle\rcl\RR1005.asy
F 1357535040 398 C:\EAGLE-7.2.0\misc\ltspice\lib\sym\eagle\rcl\RR1206.asy
F 1357535040 398 C:\EAGLE-7.2.0\misc\ltspice\lib\sym\eagle\rcl\RR1210.asy
F 1357535040 398 C:\EAGLE-7.2.0\misc\ltspice\lib\sym\eagle\rcl\RR1218.asy
F 1357535040 398 C:\EAGLE-7.2.0\misc\ltspice\lib\sym\eagle\rcl\RR2010.asy
F 1357535040 398 C:\EAGLE-7.2.0\misc\ltspice\lib\sym\eagle\rcl\RR2012.asy
F 1357535040 398 C:\EAGLE-7.2.0\misc\ltspice\lib\sym\eagle\rcl\RR2512.asy
F 1357535040 398 C:\EAGLE-7.2.0\misc\ltspice\lib\sym\eagle\rcl\RR3216.asy
F 1357535040 398 C:\EAGLE-7.2.0\misc\ltspice\lib\sym\eagle\rcl\RR3225.asy
F 1357535040 398 C:\EAGLE-7.2.0\misc\ltspice\lib\sym\eagle\rcl\RR4527.asy
F 1357535040 398 C:\EAGLE-7.2.0\misc\ltspice\lib\sym\eagle\rcl\RR5025.asy
F 1357535040 398 C:\EAGLE-7.2.0\misc\ltspice\lib\sym\eagle\rcl\RR6332.asy
F 1357535040 555 C:\EAGLE-7.2.0\misc\ltspice\lib\sym\eagle\schottky-dioden\SCHOTTKY-DIODE.asy
F 1357535040 555 C:\EAGLE-7.2.0\misc\ltspice\lib\sym\eagle\schottky-dioden\SCHOTTKY-DIODEDO35-7.asy
F 1357535040 555 C:\EAGLE-7.2.0\misc\ltspice\lib\sym\eagle\schottky-dioden\SCHOTTKY-DIODEF126Z12.asy
F 1357535040 555 C:\EAGLE-7.2.0\misc\ltspice\lib\sym\eagle\schottky-dioden\SCHOTTKY-DIODESMC.asy
F 1357535040 555 C:\EAGLE-7.2.0\misc\ltspice\lib\sym\eagle\schottky-dioden\SCHOTTKY-DIODETO92H.asy
F 1357535040 338 C:\EAGLE-7.2.0\misc\ltspice\lib\sym\eagle\supply1\+12V.asy
F 1357535040 340 C:\EAGLE-7.2.0\misc\ltspice\lib\sym\eagle\supply1\+15V.asy
F 1357535040 387 C:\EAGLE-7.2.0\misc\ltspice\lib\sym\eagle\supply1\+18V.asy
F 1357535040 336 C:\EAGLE-7.2.0\misc\ltspice\lib\sym\eagle\supply1\+24V.asy
F 1357535040 293 C:\EAGLE-7.2.0\misc\ltspice\lib\sym\eagle\supply1\+3V3.asy
F 1357535040 291 C:\EAGLE-7.2.0\misc\ltspice\lib\sym\eagle\supply1\+5V.asy
F 1357535040 293 C:\EAGLE-7.2.0\misc\ltspice\lib\sym\eagle\supply1\+5V_.asy
F 1357535040 220 C:\EAGLE-7.2.0\misc\ltspice\lib\sym\eagle\supply1\+V.asy
F 1357535040 342 C:\EAGLE-7.2.0\misc\ltspice\lib\sym\eagle\supply1\-12V.asy
F 1357535040 344 C:\EAGLE-7.2.0\misc\ltspice\lib\sym\eagle\supply1\-15V.asy
F 1357535040 387 C:\EAGLE-7.2.0\misc\ltspice\lib\sym\eagle\supply1\-18V.asy
F 1357535040 340 C:\EAGLE-7.2.0\misc\ltspice\lib\sym\eagle\supply1\-24V.asy
F 1357535040 295 C:\EAGLE-7.2.0\misc\ltspice\lib\sym\eagle\supply1\-5V.asy
F 1357535040 219 C:\EAGLE-7.2.0\misc\ltspice\lib\sym\eagle\supply1\-V.asy
F 1357535040 291 C:\EAGLE-7.2.0\misc\ltspice\lib\sym\eagle\supply1\0.asy
F 1357535040 269 C:\EAGLE-7.2.0\misc\ltspice\lib\sym\eagle\supply1\0V.asy
F 1357535040 296 C:\EAGLE-7.2.0\misc\ltspice\lib\sym\eagle\supply1\AGND.asy
F 1357535040 273 C:\EAGLE-7.2.0\misc\ltspice\lib\sym\eagle\supply1\COM.asy
F 1357535040 271 C:\EAGLE-7.2.0\misc\ltspice\lib\sym\eagle\supply1\GND.asy
F 1357535040 296 C:\EAGLE-7.2.0\misc\ltspice\lib\sym\eagle\supply1\GNDA.asy
F 1357535040 296 C:\EAGLE-7.2.0\misc\ltspice\lib\sym\eagle\supply1\GNDI.asy
F 1357535040 302 C:\EAGLE-7.2.0\misc\ltspice\lib\sym\eagle\supply1\GNDINT.asy
F 1357535040 276 C:\EAGLE-7.2.0\misc\ltspice\lib\sym\eagle\supply1\GNDIO.asy
F 1357535040 253 C:\EAGLE-7.2.0\misc\ltspice\lib\sym\eagle\supply1\IN.asy
F 1357535040 223 C:\EAGLE-7.2.0\misc\ltspice\lib\sym\eagle\supply1\OUT.asy
F 1357535040 338 C:\EAGLE-7.2.0\misc\ltspice\lib\sym\eagle\supply1\PE.asy
F 1357535040 356 C:\EAGLE-7.2.0\misc\ltspice\lib\sym\eagle\supply1\TH.asy
F 1357535040 311 C:\EAGLE-7.2.0\misc\ltspice\lib\sym\eagle\supply1\V+.asy
F 1357535040 316 C:\EAGLE-7.2.0\misc\ltspice\lib\sym\eagle\supply1\V-.asy
F 1357535040 362 C:\EAGLE-7.2.0\misc\ltspice\lib\sym\eagle\supply1\V12+.asy
F 1357535040 360 C:\EAGLE-7.2.0\misc\ltspice\lib\sym\eagle\supply1\V12-.asy
F 1357535040 291 C:\EAGLE-7.2.0\misc\ltspice\lib\sym\eagle\supply1\VCC.asy
F 1357535040 344 C:\EAGLE-7.2.0\misc\ltspice\lib\sym\eagle\supply1\VCC_2.asy
F 1357535040 323 C:\EAGLE-7.2.0\misc\ltspice\lib\sym\eagle\supply1\VCCINT.asy
F 1357535040 320 C:\EAGLE-7.2.0\misc\ltspice\lib\sym\eagle\supply1\VCCIO.asy
F 1357535040 338 C:\EAGLE-7.2.0\misc\ltspice\lib\sym\eagle\supply1\VDD.asy
F 1357535040 342 C:\EAGLE-7.2.0\misc\ltspice\lib\sym\eagle\supply1\VSS.asy
F 1349676180 559 C:\EAGLE-7.2.0\misc\ltspice\scr\LT1129-3.3.scr
F 1349676180 555 C:\EAGLE-7.2.0\misc\ltspice\scr\LT1129-5.scr
F 1349676180 547 C:\EAGLE-7.2.0\misc\ltspice\scr\LT1129.scr
F 1349676180 386 C:\EAGLE-7.2.0\misc\ltspice\scr\LT1762.scr
F 1349676180 620 C:\EAGLE-7.2.0\misc\ltspice\scr\LT1763.scr
F 1349676180 598 C:\EAGLE-7.2.0\misc\ltspice\scr\LT1764.scr
F 1349676180 600 C:\EAGLE-7.2.0\misc\ltspice\scr\LT1764A.scr
F 1349676180 554 C:\EAGLE-7.2.0\misc\ltspice\scr\LT3008.scr
F 1349676180 548 C:\EAGLE-7.2.0\misc\ltspice\scr\LT3009.scr
F 1349676180 389 C:\EAGLE-7.2.0\misc\ltspice\scr\LT3010-5.scr
F 1349676180 383 C:\EAGLE-7.2.0\misc\ltspice\scr\LT3010.scr
F 1349676180 728 C:\EAGLE-7.2.0\misc\ltspice\scr\LT3011.scr
F 1349676180 653 C:\EAGLE-7.2.0\misc\ltspice\scr\LT3012.scr
F 1349676180 603 C:\EAGLE-7.2.0\misc\ltspice\scr\LT3012B.scr
F 1349676180 762 C:\EAGLE-7.2.0\misc\ltspice\scr\LT3013.scr
F 1349676180 712 C:\EAGLE-7.2.0\misc\ltspice\scr\LT3013B.scr
F 1349676180 554 C:\EAGLE-7.2.0\misc\ltspice\scr\LT3014.scr
F 1349676180 528 C:\EAGLE-7.2.0\misc\ltspice\scr\LT3014B.scr
F 1349676180 771 C:\EAGLE-7.2.0\misc\ltspice\scr\LT3015.scr
F 1349676180 558 C:\EAGLE-7.2.0\misc\ltspice\scr\LT3020-1.2.scr
F 1349676180 558 C:\EAGLE-7.2.0\misc\ltspice\scr\LT3020-1.5.scr
F 1349676180 558 C:\EAGLE-7.2.0\misc\ltspice\scr\LT3020-1.8.scr
F 1349676180 598 C:\EAGLE-7.2.0\misc\ltspice\scr\LT3020.scr
F 1349676180 636 C:\EAGLE-7.2.0\misc\ltspice\scr\LT3021-1.2.scr
F 1349676180 636 C:\EAGLE-7.2.0\misc\ltspice\scr\LT3021-1.5.scr
F 1349676180 636 C:\EAGLE-7.2.0\misc\ltspice\scr\LT3021-1.8.scr
F 1349676180 624 C:\EAGLE-7.2.0\misc\ltspice\scr\LT3021.scr
F 1349676180 416 C:\EAGLE-7.2.0\misc\ltspice\scr\LT3022-1.2.scr
F 1349676180 416 C:\EAGLE-7.2.0\misc\ltspice\scr\LT3022-1.5.scr
F 1349676180 416 C:\EAGLE-7.2.0\misc\ltspice\scr\LT3022-1.8.scr
F 1349676180 660 C:\EAGLE-7.2.0\misc\ltspice\scr\LT3022.scr
F 1349676180 816 C:\EAGLE-7.2.0\misc\ltspice\scr\LT3023.scr
F 1349676180 862 C:\EAGLE-7.2.0\misc\ltspice\scr\LT3024.scr
F 1349676180 882 C:\EAGLE-7.2.0\misc\ltspice\scr\LT3027.scr
F 1349676180 979 C:\EAGLE-7.2.0\misc\ltspice\scr\LT3028.scr
F 1349676180 994 C:\EAGLE-7.2.0\misc\ltspice\scr\LT3029.scr
F 1349676180 568 C:\EAGLE-7.2.0\misc\ltspice\scr\LT3032.scr
F 1349676180 865 C:\EAGLE-7.2.0\misc\ltspice\scr\LT3050.scr
F 1349676180 614 C:\EAGLE-7.2.0\misc\ltspice\scr\LT3060.scr
F 1349676180 657 C:\EAGLE-7.2.0\misc\ltspice\scr\LT3070.scr
F 1349676180 674 C:\EAGLE-7.2.0\misc\ltspice\scr\LT3071.scr
F 1349676180 568 C:\EAGLE-7.2.0\misc\ltspice\scr\LT3080-1.scr
F 1349676180 737 C:\EAGLE-7.2.0\misc\ltspice\scr\LT3080.scr
F 1349676180 628 C:\EAGLE-7.2.0\misc\ltspice\scr\LT3082.scr
F 1349676180 732 C:\EAGLE-7.2.0\misc\ltspice\scr\LT3083.scr
F 1349676180 526 C:\EAGLE-7.2.0\misc\ltspice\scr\LT3085.scr
F 1349676180 622 C:\EAGLE-7.2.0\misc\ltspice\scr\LT3092.scr
F 1349676180 658 C:\EAGLE-7.2.0\misc\ltspice\scr\LT3150.scr
F 1349676180 793 C:\EAGLE-7.2.0\misc\ltspice\scr\LT3420-1.scr
F 1349676180 789 C:\EAGLE-7.2.0\misc\ltspice\scr\LT3420.scr
F 1349676180 573 C:\EAGLE-7.2.0\misc\ltspice\scr\LT3433.scr
F 1349676180 523 C:\EAGLE-7.2.0\misc\ltspice\scr\LT3460.scr
F 1349676180 349 C:\EAGLE-7.2.0\misc\ltspice\scr\LT3461.scr
F 1349676180 351 C:\EAGLE-7.2.0\misc\ltspice\scr\LT3461A.scr
F 1349676180 381 C:\EAGLE-7.2.0\misc\ltspice\scr\LT3462.scr
F 1349676180 383 C:\EAGLE-7.2.0\misc\ltspice\scr\LT3462A.scr
F 1349676180 501 C:\EAGLE-7.2.0\misc\ltspice\scr\LT3463.scr
F 1349676180 503 C:\EAGLE-7.2.0\misc\ltspice\scr\LT3463A.scr
F 1349676180 446 C:\EAGLE-7.2.0\misc\ltspice\scr\LT3464.scr
F 1349676180 383 C:\EAGLE-7.2.0\misc\ltspice\scr\LT3465.scr
F 1349676180 385 C:\EAGLE-7.2.0\misc\ltspice\scr\LT3465A.scr
F 1349676180 416 C:\EAGLE-7.2.0\misc\ltspice\scr\LT3466-1.scr
F 1349676180 1185 C:\EAGLE-7.2.0\misc\ltspice\scr\LT3466.scr
F 1349676180 589 C:\EAGLE-7.2.0\misc\ltspice\scr\LT3467.scr
F 1349676180 591 C:\EAGLE-7.2.0\misc\ltspice\scr\LT3467A.scr
F 1349676180 329 C:\EAGLE-7.2.0\misc\ltspice\scr\LT3468-1.scr
F 1349676180 329 C:\EAGLE-7.2.0\misc\ltspice\scr\LT3468-2.scr
F 1349676180 325 C:\EAGLE-7.2.0\misc\ltspice\scr\LT3468.scr
F 1349676180 406 C:\EAGLE-7.2.0\misc\ltspice\scr\LT3469.scr
F 1349676180 693 C:\EAGLE-7.2.0\misc\ltspice\scr\LT3470.scr
F 1349676180 436 C:\EAGLE-7.2.0\misc\ltspice\scr\LT3470A.scr
F 1349676180 506 C:\EAGLE-7.2.0\misc\ltspice\scr\LT3471.scr
F 1349676180 490 C:\EAGLE-7.2.0\misc\ltspice\scr\LT3472.scr
F 1349676180 454 C:\EAGLE-7.2.0\misc\ltspice\scr\LT3473.scr
F 1349676180 565 C:\EAGLE-7.2.0\misc\ltspice\scr\LT3473A.scr
F 1349676180 572 C:\EAGLE-7.2.0\misc\ltspice\scr\LT3474-1.scr
F 1349676180 568 C:\EAGLE-7.2.0\misc\ltspice\scr\LT3474.scr
F 1349676180 725 C:\EAGLE-7.2.0\misc\ltspice\scr\LT3475-1.scr
F 1349676180 721 C:\EAGLE-7.2.0\misc\ltspice\scr\LT3475.scr
F 1349676180 613 C:\EAGLE-7.2.0\misc\ltspice\scr\LT3476.scr
F 1349676180 1221 C:\EAGLE-7.2.0\misc\ltspice\scr\LT3477.scr
F 1349676180 649 C:\EAGLE-7.2.0\misc\ltspice\scr\LT3478-1.scr
F 1349676180 645 C:\EAGLE-7.2.0\misc\ltspice\scr\LT3478.scr
F 1349676180 944 C:\EAGLE-7.2.0\misc\ltspice\scr\LT3479.scr
F 1349676180 857 C:\EAGLE-7.2.0\misc\ltspice\scr\LT3481.scr
F 1349676180 597 C:\EAGLE-7.2.0\misc\ltspice\scr\LT3482.scr
F 1349676180 590 C:\EAGLE-7.2.0\misc\ltspice\scr\LT3483.scr
F 1349676180 392 C:\EAGLE-7.2.0\misc\ltspice\scr\LT3483A.scr
F 1349676180 353 C:\EAGLE-7.2.0\misc\ltspice\scr\LT3484-0.scr
F 1349676180 353 C:\EAGLE-7.2.0\misc\ltspice\scr\LT3484-1.scr
F 1349676180 353 C:\EAGLE-7.2.0\misc\ltspice\scr\LT3484-2.scr
F 1349676180 525 C:\EAGLE-7.2.0\misc\ltspice\scr\LT3485-0.scr
F 1349676180 525 C:\EAGLE-7.2.0\misc\ltspice\scr\LT3485-1.scr
F 1349676180 525 C:\EAGLE-7.2.0\misc\ltspice\scr\LT3485-2.scr
F 1349676180 525 C:\EAGLE-7.2.0\misc\ltspice\scr\LT3485-3.scr
F 1349676180 1610 C:\EAGLE-7.2.0\misc\ltspice\scr\LT3486.scr
F 1349676180 496 C:\EAGLE-7.2.0\misc\ltspice\scr\LT3487.scr
F 1349676180 427 C:\EAGLE-7.2.0\misc\ltspice\scr\LT3489.scr
F 1349676180 574 C:\EAGLE-7.2.0\misc\ltspice\scr\LT3491.scr
F 1349676180 2654 C:\EAGLE-7.2.0\misc\ltspice\scr\LT3492.scr
F 1349676180 380 C:\EAGLE-7.2.0\misc\ltspice\scr\LT3493-3.scr
F 1349676180 376 C:\EAGLE-7.2.0\misc\ltspice\scr\LT3493.scr
F 1349676180 429 C:\EAGLE-7.2.0\misc\ltspice\scr\LT3494.scr
F 1349676180 431 C:\EAGLE-7.2.0\misc\ltspice\scr\LT3494A.scr
F 1349676180 455 C:\EAGLE-7.2.0\misc\ltspice\scr\LT3495-1.scr
F 1349676180 451 C:\EAGLE-7.2.0\misc\ltspice\scr\LT3495.scr
F 1349676180 457 C:\EAGLE-7.2.0\misc\ltspice\scr\LT3495B-1.scr
F 1349676180 453 C:\EAGLE-7.2.0\misc\ltspice\scr\LT3495B.scr
F 1349676180 2666 C:\EAGLE-7.2.0\misc\ltspice\scr\LT3496.scr
F 1349676180 746 C:\EAGLE-7.2.0\misc\ltspice\scr\LT3497.scr
F 1349676180 560 C:\EAGLE-7.2.0\misc\ltspice\scr\LT3498.scr
F 1349676180 1002 C:\EAGLE-7.2.0\misc\ltspice\scr\LT3500.scr
F 1349676180 804 C:\EAGLE-7.2.0\misc\ltspice\scr\LT3501.scr
F 1349676180 712 C:\EAGLE-7.2.0\misc\ltspice\scr\LT3502.scr
F 1349676180 714 C:\EAGLE-7.2.0\misc\ltspice\scr\LT3502A.scr
F 1349676180 374 C:\EAGLE-7.2.0\misc\ltspice\scr\LT3503.scr
F 1349676180 682 C:\EAGLE-7.2.0\misc\ltspice\scr\LT3505.scr
F 1349676180 1407 C:\EAGLE-7.2.0\misc\ltspice\scr\LT3506.scr
F 1349676180 1419 C:\EAGLE-7.2.0\misc\ltspice\scr\LT3506A.scr
F 1349676180 1178 C:\EAGLE-7.2.0\misc\ltspice\scr\LT3507.scr
F 1349676180 2229 C:\EAGLE-7.2.0\misc\ltspice\scr\LT3507A.scr
F 1349676180 1191 C:\EAGLE-7.2.0\misc\ltspice\scr\LT3508.scr
F 1349676180 804 C:\EAGLE-7.2.0\misc\ltspice\scr\LT3510.scr
F 1349676180 482 C:\EAGLE-7.2.0\misc\ltspice\scr\LT3511.scr
F 1349676180 482 C:\EAGLE-7.2.0\misc\ltspice\scr\LT3512.scr
F 1349676180 1140 C:\EAGLE-7.2.0\misc\ltspice\scr\LT3513.scr
F 1349676180 1112 C:\EAGLE-7.2.0\misc\ltspice\scr\LT3517.scr
F 1349676180 1113 C:\EAGLE-7.2.0\misc\ltspice\scr\LT3518.scr
F 1349676180 715 C:\EAGLE-7.2.0\misc\ltspice\scr\LT3572.scr
F 1349676180 521 C:\EAGLE-7.2.0\misc\ltspice\scr\LT3573.scr
F 1349676180 516 C:\EAGLE-7.2.0\misc\ltspice\scr\LT3574.scr
F 1349676180 554 C:\EAGLE-7.2.0\misc\ltspice\scr\LT3575.scr
F 1349676180 513 C:\EAGLE-7.2.0\misc\ltspice\scr\LT3585-0.scr
F 1349676180 680 C:\EAGLE-7.2.0\misc\ltspice\scr\LT3587.scr
F 1349676180 577 C:\EAGLE-7.2.0\misc\ltspice\scr\LT3590.scr
F 1349676180 405 C:\EAGLE-7.2.0\misc\ltspice\scr\LT3591.scr
F 1349676180 855 C:\EAGLE-7.2.0\misc\ltspice\scr\LT3592.scr
F 1349676180 939 C:\EAGLE-7.2.0\misc\ltspice\scr\LT3645.scr
F 1349676180 976 C:\EAGLE-7.2.0\misc\ltspice\scr\LT3650-4.1.scr
F 1349676180 976 C:\EAGLE-7.2.0\misc\ltspice\scr\LT3650-4.2.scr
F 1349676180 967 C:\EAGLE-7.2.0\misc\ltspice\scr\LT3652.scr
F 1349676180 750 C:\EAGLE-7.2.0\misc\ltspice\scr\LT3663.scr
F 1349676180 596 C:\EAGLE-7.2.0\misc\ltspice\scr\LT3681.scr
F 1349676180 829 C:\EAGLE-7.2.0\misc\ltspice\scr\LT3684.scr
F 1349676180 486 C:\EAGLE-7.2.0\misc\ltspice\scr\LT3686.scr
F 1349676180 859 C:\EAGLE-7.2.0\misc\ltspice\scr\LT3686A.scr
F 1349676180 1184 C:\EAGLE-7.2.0\misc\ltspice\scr\LT3689.scr
F 1349676180 1460 C:\EAGLE-7.2.0\misc\ltspice\scr\LT3694-1.scr
F 1349676180 1452 C:\EAGLE-7.2.0\misc\ltspice\scr\LT3694.scr
F 1349676180 589 C:\EAGLE-7.2.0\misc\ltspice\scr\LT3695.scr
F 1349676180 636 C:\EAGLE-7.2.0\misc\ltspice\scr\LT3724.scr
F 1349676180 692 C:\EAGLE-7.2.0\misc\ltspice\scr\LT3740.scr
F 1349676180 818 C:\EAGLE-7.2.0\misc\ltspice\scr\LT3742.scr
F 1349676180 493 C:\EAGLE-7.2.0\misc\ltspice\scr\LT3748.scr
F 1349676180 457 C:\EAGLE-7.2.0\misc\ltspice\scr\LT3750.scr
F 1349676180 1398 C:\EAGLE-7.2.0\misc\ltspice\scr\LT3751.scr
F 1349676180 1169 C:\EAGLE-7.2.0\misc\ltspice\scr\LT3755-1.scr
F 1349676180 1177 C:\EAGLE-7.2.0\misc\ltspice\scr\LT3755-2.scr
F 1349676180 1173 C:\EAGLE-7.2.0\misc\ltspice\scr\LT3755.scr
F 1349676180 1170 C:\EAGLE-7.2.0\misc\ltspice\scr\LT3756-1.scr
F 1349676180 1178 C:\EAGLE-7.2.0\misc\ltspice\scr\LT3756-2.scr
F 1349676180 1174 C:\EAGLE-7.2.0\misc\ltspice\scr\LT3756.scr
F 1349676180 688 C:\EAGLE-7.2.0\misc\ltspice\scr\LT3799-1.scr
F 1349676180 684 C:\EAGLE-7.2.0\misc\ltspice\scr\LT3799.scr
F 1349676180 656 C:\EAGLE-7.2.0\misc\ltspice\scr\LT3800.scr
F 1349676180 693 C:\EAGLE-7.2.0\misc\ltspice\scr\LT3825.scr
F 1349676180 664 C:\EAGLE-7.2.0\misc\ltspice\scr\LT3837.scr
F 1349676180 681 C:\EAGLE-7.2.0\misc\ltspice\scr\LT3845.scr
F 1349676180 727 C:\EAGLE-7.2.0\misc\ltspice\scr\LT3956.scr
F 1349676180 760 C:\EAGLE-7.2.0\misc\ltspice\scr\LT3970.scr
F 1349676180 813 C:\EAGLE-7.2.0\misc\ltspice\scr\LT3990.scr
F 1349676180 896 C:\EAGLE-7.2.0\misc\ltspice\scr\LT4356-1.scr
F 1349676180 896 C:\EAGLE-7.2.0\misc\ltspice\scr\LT4356-2.scr
F 1349676180 916 C:\EAGLE-7.2.0\misc\ltspice\scr\LT4356-3.scr
F 1349676180 360 C:\EAGLE-7.2.0\misc\ltspice\scr\LTC3025-1.scr
F 1349676180 362 C:\EAGLE-7.2.0\misc\ltspice\scr\LTC3025-2.scr
F 1349676180 362 C:\EAGLE-7.2.0\misc\ltspice\scr\LTC3025-3.scr
F 1349676180 362 C:\EAGLE-7.2.0\misc\ltspice\scr\LTC3025-4.scr
F 1349676180 355 C:\EAGLE-7.2.0\misc\ltspice\scr\LTC3025.scr
F 1349676180 702 C:\EAGLE-7.2.0\misc\ltspice\scr\LTC3026.scr
F 1349676180 428 C:\EAGLE-7.2.0\misc\ltspice\scr\LTC3035.scr
F 1349676180 672 C:\EAGLE-7.2.0\misc\ltspice\scr\LTC3100.scr
F 1349676180 878 C:\EAGLE-7.2.0\misc\ltspice\scr\LTC3105.scr
F 1349676180 971 C:\EAGLE-7.2.0\misc\ltspice\scr\LTC3108.scr
F 1349676180 1069 C:\EAGLE-7.2.0\misc\ltspice\scr\LTC3112.scr
F 1349676180 910 C:\EAGLE-7.2.0\misc\ltspice\scr\LTC3113.scr
F 1349676180 435 C:\EAGLE-7.2.0\misc\ltspice\scr\LTC3125.scr
F 1349676180 867 C:\EAGLE-7.2.0\misc\ltspice\scr\LTC3127.scr
F 1349676180 367 C:\EAGLE-7.2.0\misc\ltspice\scr\LTC3200-5.scr
F 1349676180 418 C:\EAGLE-7.2.0\misc\ltspice\scr\LTC3200.scr
F 1349676180 484 C:\EAGLE-7.2.0\misc\ltspice\scr\LTC3201.scr
F 1349676180 780 C:\EAGLE-7.2.0\misc\ltspice\scr\LTC3202.scr
F 1349676180 492 C:\EAGLE-7.2.0\misc\ltspice\scr\LTC3203-1.scr
F 1349676180 494 C:\EAGLE-7.2.0\misc\ltspice\scr\LTC3203B-1.scr
F 1349676180 488 C:\EAGLE-7.2.0\misc\ltspice\scr\LTC3203B.scr
F 1349676180 368 C:\EAGLE-7.2.0\misc\ltspice\scr\LTC3204-3.3.scr
F 1349676180 364 C:\EAGLE-7.2.0\misc\ltspice\scr\LTC3204-5.scr
F 1349676180 370 C:\EAGLE-7.2.0\misc\ltspice\scr\LTC3204B-3.3.scr
F 1349676180 366 C:\EAGLE-7.2.0\misc\ltspice\scr\LTC3204B-5.scr
F 1349676180 870 C:\EAGLE-7.2.0\misc\ltspice\scr\LTC3205.scr
F 1349676180 668 C:\EAGLE-7.2.0\misc\ltspice\scr\LTC3210-1.scr
F 1349676180 669 C:\EAGLE-7.2.0\misc\ltspice\scr\LTC3210-2.scr
F 1349676180 667 C:\EAGLE-7.2.0\misc\ltspice\scr\LTC3210-3.scr
F 1349676180 632 C:\EAGLE-7.2.0\misc\ltspice\scr\LTC3210.scr
F 1349676180 520 C:\EAGLE-7.2.0\misc\ltspice\scr\LTC3212.scr
F 1349676180 451 C:\EAGLE-7.2.0\misc\ltspice\scr\LTC3214.scr
F 1349676180 467 C:\EAGLE-7.2.0\misc\ltspice\scr\LTC3215.scr
F 1349676180 567 C:\EAGLE-7.2.0\misc\ltspice\scr\LTC3216.scr
F 1349676180 645 C:\EAGLE-7.2.0\misc\ltspice\scr\LTC3217.scr
F 1349676180 467 C:\EAGLE-7.2.0\misc\ltspice\scr\LTC3218.scr
F 1349676180 370 C:\EAGLE-7.2.0\misc\ltspice\scr\LTC3221-3.3.scr
F 1349676180 366 C:\EAGLE-7.2.0\misc\ltspice\scr\LTC3221-5.scr
F 1349676180 359 C:\EAGLE-7.2.0\misc\ltspice\scr\LTC3221.scr
F 1349676180 460 C:\EAGLE-7.2.0\misc\ltspice\scr\LTC3225-1.scr
F 1349676180 456 C:\EAGLE-7.2.0\misc\ltspice\scr\LTC3225.scr
F 1349676180 771 C:\EAGLE-7.2.0\misc\ltspice\scr\LTC3230.scr
F 1349676180 379 C:\EAGLE-7.2.0\misc\ltspice\scr\LTC3240-2.5.scr
F 1349676180 379 C:\EAGLE-7.2.0\misc\ltspice\scr\LTC3240-3.3.scr
F 1349676180 384 C:\EAGLE-7.2.0\misc\ltspice\scr\LTC3250-1.2.scr
F 1349676180 384 C:\EAGLE-7.2.0\misc\ltspice\scr\LTC3250-1.5.scr
F 1349676180 498 C:\EAGLE-7.2.0\misc\ltspice\scr\LTC3251.scr
F 1349676180 533 C:\EAGLE-7.2.0\misc\ltspice\scr\LTC3252.scr
F 1349676180 377 C:\EAGLE-7.2.0\misc\ltspice\scr\LTC3400-1.scr
F 1349676180 374 C:\EAGLE-7.2.0\misc\ltspice\scr\LTC3400.scr
F 1349676180 376 C:\EAGLE-7.2.0\misc\ltspice\scr\LTC3400B.scr
F 1349676180 465 C:\EAGLE-7.2.0\misc\ltspice\scr\LTC3401.scr
F 1349676180 465 C:\EAGLE-7.2.0\misc\ltspice\scr\LTC3402.scr
F 1349676180 436 C:\EAGLE-7.2.0\misc\ltspice\scr\LTC3403.scr
F 1349676180 364 C:\EAGLE-7.2.0\misc\ltspice\scr\LTC3405.scr
F 1349676180 389 C:\EAGLE-7.2.0\misc\ltspice\scr\LTC3405A-1.375.scr
F 1349676180 389 C:\EAGLE-7.2.0\misc\ltspice\scr\LTC3405A-1.5.scr
F 1349676180 389 C:\EAGLE-7.2.0\misc\ltspice\scr\LTC3405A-1.8.scr
F 1349676180 366 C:\EAGLE-7.2.0\misc\ltspice\scr\LTC3405A.scr
F 1349676180 347 C:\EAGLE-7.2.0\misc\ltspice\scr\LTC3406-1.2.scr
F 1349676180 347 C:\EAGLE-7.2.0\misc\ltspice\scr\LTC3406-1.5.scr
F 1349676180 347 C:\EAGLE-7.2.0\misc\ltspice\scr\LTC3406-1.8.scr
F 1349676180 337 C:\EAGLE-7.2.0\misc\ltspice\scr\LTC3406.scr
F 1349676180 339 C:\EAGLE-7.2.0\misc\ltspice\scr\LTC3406A.scr
F 1349676180 341 C:\EAGLE-7.2.0\misc\ltspice\scr\LTC3406AB.scr
F 1349676180 349 C:\EAGLE-7.2.0\misc\ltspice\scr\LTC3406B-1.2.scr
F 1349676180 344 C:\EAGLE-7.2.0\misc\ltspice\scr\LTC3406B-2.scr
F 1349676180 339 C:\EAGLE-7.2.0\misc\ltspice\scr\LTC3406B.scr
F 1349676180 395 C:\EAGLE-7.2.0\misc\ltspice\scr\LTC3408.scr
F 1349676180 392 C:\EAGLE-7.2.0\misc\ltspice\scr\LTC3409.scr
F 1349676180 359 C:\EAGLE-7.2.0\misc\ltspice\scr\LTC3410-1.875.scr
F 1349676180 343 C:\EAGLE-7.2.0\misc\ltspice\scr\LTC3410.scr
F 1349676180 345 C:\EAGLE-7.2.0\misc\ltspice\scr\LTC3410B.scr
F 1349676180 799 C:\EAGLE-7.2.0\misc\ltspice\scr\LTC3411.scr
F 1349676180 801 C:\EAGLE-7.2.0\misc\ltspice\scr\LTC3411A.scr
F 1349676180 917 C:\EAGLE-7.2.0\misc\ltspice\scr\LTC3412.scr
F 1349676180 917 C:\EAGLE-7.2.0\misc\ltspice\scr\LTC3412A.scr
F 1349676180 555 C:\EAGLE-7.2.0\misc\ltspice\scr\LTC3413.scr
F 1349676180 579 C:\EAGLE-7.2.0\misc\ltspice\scr\LTC3414.scr
F 1349676180 801 C:\EAGLE-7.2.0\misc\ltspice\scr\LTC3415.scr
F 1349676180 594 C:\EAGLE-7.2.0\misc\ltspice\scr\LTC3416.scr
F 1349676180 1215 C:\EAGLE-7.2.0\misc\ltspice\scr\LTC3417.scr
F 1349676180 1218 C:\EAGLE-7.2.0\misc\ltspice\scr\LTC3417A-2.scr
F 1349676180 1214 C:\EAGLE-7.2.0\misc\ltspice\scr\LTC3417A.scr
F 1349676180 735 C:\EAGLE-7.2.0\misc\ltspice\scr\LTC3419.scr
F 1349676180 480 C:\EAGLE-7.2.0\misc\ltspice\scr\LTC3423.scr
F 1349676180 350 C:\EAGLE-7.2.0\misc\ltspice\scr\LTC3426.scr
F 1349676180 391 C:\EAGLE-7.2.0\misc\ltspice\scr\LTC3427.scr
F 1349676180 488 C:\EAGLE-7.2.0\misc\ltspice\scr\LTC3428.scr
F 1349676180 385 C:\EAGLE-7.2.0\misc\ltspice\scr\LTC3429.scr
F 1349676180 782 C:\EAGLE-7.2.0\misc\ltspice\scr\LTC3440.scr
F 1349676180 518 C:\EAGLE-7.2.0\misc\ltspice\scr\LTC3441.scr
F 1349676180 569 C:\EAGLE-7.2.0\misc\ltspice\scr\LTC3442.scr
F 1349676180 528 C:\EAGLE-7.2.0\misc\ltspice\scr\LTC3443.scr
F 1349676180 440 C:\EAGLE-7.2.0\misc\ltspice\scr\LTC3444.scr
F 1349676180 629 C:\EAGLE-7.2.0\misc\ltspice\scr\LTC3446.scr
F 1349676180 739 C:\EAGLE-7.2.0\misc\ltspice\scr\LTC3452.scr
F 1349676180 619 C:\EAGLE-7.2.0\misc\ltspice\scr\LTC3453.scr
F 1349676180 495 C:\EAGLE-7.2.0\misc\ltspice\scr\LTC3454.scr
F 1349676180 783 C:\EAGLE-7.2.0\misc\ltspice\scr\LTC3459.scr
F 1349676180 668 C:\EAGLE-7.2.0\misc\ltspice\scr\LTC3490.scr
F 1349676180 696 C:\EAGLE-7.2.0\misc\ltspice\scr\LTC3499.scr
F 1349676180 698 C:\EAGLE-7.2.0\misc\ltspice\scr\LTC3499B.scr
F 1349676180 870 C:\EAGLE-7.2.0\misc\ltspice\scr\LTC3521.scr
F 1349676180 662 C:\EAGLE-7.2.0\misc\ltspice\scr\LTC3522.scr
F 1349676180 670 C:\EAGLE-7.2.0\misc\ltspice\scr\LTC3523-2.scr
F 1349676180 666 C:\EAGLE-7.2.0\misc\ltspice\scr\LTC3523.scr
F 1349676180 873 C:\EAGLE-7.2.0\misc\ltspice\scr\LTC3524.scr
F 1349676180 384 C:\EAGLE-7.2.0\misc\ltspice\scr\LTC3526-2.scr
F 1349676180 380 C:\EAGLE-7.2.0\misc\ltspice\scr\LTC3526.scr
F 1349676180 386 C:\EAGLE-7.2.0\misc\ltspice\scr\LTC3526B-2.scr
F 1349676180 382 C:\EAGLE-7.2.0\misc\ltspice\scr\LTC3526B.scr
F 1349676180 386 C:\EAGLE-7.2.0\misc\ltspice\scr\LTC3526L-2.scr
F 1349676180 382 C:\EAGLE-7.2.0\misc\ltspice\scr\LTC3526L.scr
F 1349676180 388 C:\EAGLE-7.2.0\misc\ltspice\scr\LTC3526LB-2.scr
F 1349676180 384 C:\EAGLE-7.2.0\misc\ltspice\scr\LTC3526LB.scr
F 1349676180 676 C:\EAGLE-7.2.0\misc\ltspice\scr\LTC3527-1.scr
F 1349676180 672 C:\EAGLE-7.2.0\misc\ltspice\scr\LTC3527.scr
F 1349676180 439 C:\EAGLE-7.2.0\misc\ltspice\scr\LTC3528-2.scr
F 1349676180 436 C:\EAGLE-7.2.0\misc\ltspice\scr\LTC3528.scr
F 1349676180 441 C:\EAGLE-7.2.0\misc\ltspice\scr\LTC3528B-2.scr
F 1349676180 438 C:\EAGLE-7.2.0\misc\ltspice\scr\LTC3528B.scr
F 1349676180 431 C:\EAGLE-7.2.0\misc\ltspice\scr\LTC3529.scr
F 1349676180 798 C:\EAGLE-7.2.0\misc\ltspice\scr\LTC3530.scr
F 1349676180 423 C:\EAGLE-7.2.0\misc\ltspice\scr\LTC3531-3.3.scr
F 1349676180 419 C:\EAGLE-7.2.0\misc\ltspice\scr\LTC3531-3.scr
F 1349676180 414 C:\EAGLE-7.2.0\misc\ltspice\scr\LTC3531.scr
F 1349676180 790 C:\EAGLE-7.2.0\misc\ltspice\scr\LTC3532.scr
F 1349676180 578 C:\EAGLE-7.2.0\misc\ltspice\scr\LTC3533.scr
F 1349676180 931 C:\EAGLE-7.2.0\misc\ltspice\scr\LTC3534.scr
F 1349676180 549 C:\EAGLE-7.2.0\misc\ltspice\scr\LTC3535.scr
F 1349676180 662 C:\EAGLE-7.2.0\misc\ltspice\scr\LTC3537.scr
F 1349676180 414 C:\EAGLE-7.2.0\misc\ltspice\scr\LTC3538.scr
F 1349676180 426 C:\EAGLE-7.2.0\misc\ltspice\scr\LTC3539-2.scr
F 1349676180 422 C:\EAGLE-7.2.0\misc\ltspice\scr\LTC3539.scr
F 1349676180 475 C:\EAGLE-7.2.0\misc\ltspice\scr\LTC3541-1.scr
F 1349676180 473 C:\EAGLE-7.2.0\misc\ltspice\scr\LTC3541-2.scr
F 1349676180 473 C:\EAGLE-7.2.0\misc\ltspice\scr\LTC3541-3.scr
F 1349676180 471 C:\EAGLE-7.2.0\misc\ltspice\scr\LTC3541.scr
F 1349676180 375 C:\EAGLE-7.2.0\misc\ltspice\scr\LTC3542-1.scr
F 1349676180 567 C:\EAGLE-7.2.0\misc\ltspice\scr\LTC3542.scr
F 1349676180 419 C:\EAGLE-7.2.0\misc\ltspice\scr\LTC3543.scr
F 1349676180 694 C:\EAGLE-7.2.0\misc\ltspice\scr\LTC3544.scr
F 1349676180 696 C:\EAGLE-7.2.0\misc\ltspice\scr\LTC3544B.scr
F 1349676180 657 C:\EAGLE-7.2.0\misc\ltspice\scr\LTC3545-1.scr
F 1349676180 651 C:\EAGLE-7.2.0\misc\ltspice\scr\LTC3545.scr
F 1349676180 1842 C:\EAGLE-7.2.0\misc\ltspice\scr\LTC3546.scr
F 1349676180 424 C:\EAGLE-7.2.0\misc\ltspice\scr\LTC3547.scr
F 1349676180 426 C:\EAGLE-7.2.0\misc\ltspice\scr\LTC3547B.scr
F 1349676180 361 C:\EAGLE-7.2.0\misc\ltspice\scr\LTC3549.scr
F 1349676180 650 C:\EAGLE-7.2.0\misc\ltspice\scr\LTC3550-1.scr
F 1349676180 645 C:\EAGLE-7.2.0\misc\ltspice\scr\LTC3550.scr
F 1349676180 700 C:\EAGLE-7.2.0\misc\ltspice\scr\LTC3552-1.scr
F 1349676180 365 C:\EAGLE-7.2.0\misc\ltspice\scr\LTC3560.scr
F 1349676180 420 C:\EAGLE-7.2.0\misc\ltspice\scr\LTC3561.scr
F 1349676180 422 C:\EAGLE-7.2.0\misc\ltspice\scr\LTC3561A.scr
F 1349676180 391 C:\EAGLE-7.2.0\misc\ltspice\scr\LTC3563.scr
F 1349676180 511 C:\EAGLE-7.2.0\misc\ltspice\scr\LTC3564.scr
F 1349676180 794 C:\EAGLE-7.2.0\misc\ltspice\scr\LTC3565.scr
F 1349676180 480 C:\EAGLE-7.2.0\misc\ltspice\scr\LTC3568.scr
F 1349676180 1403 C:\EAGLE-7.2.0\misc\ltspice\scr\LTC3569.scr
F 1349676180 830 C:\EAGLE-7.2.0\misc\ltspice\scr\LTC3588-1.scr
F 1349676180 1084 C:\EAGLE-7.2.0\misc\ltspice\scr\LTC3601.scr
F 1349676180 1026 C:\EAGLE-7.2.0\misc\ltspice\scr\LTC3602.scr
F 1349676180 1032 C:\EAGLE-7.2.0\misc\ltspice\scr\LTC3603.scr
F 1349676180 1084 C:\EAGLE-7.2.0\misc\ltspice\scr\LTC3604.scr
F 1349676180 725 C:\EAGLE-7.2.0\misc\ltspice\scr\LTC3605.scr
F 1349676180 412 C:\EAGLE-7.2.0\misc\ltspice\scr\LTC3606B.scr
F 1349676180 789 C:\EAGLE-7.2.0\misc\ltspice\scr\LTC3608.scr
F 1349676180 789 C:\EAGLE-7.2.0\misc\ltspice\scr\LTC3609.scr
F 1349676180 823 C:\EAGLE-7.2.0\misc\ltspice\scr\LTC3610.scr
F 1349676180 823 C:\EAGLE-7.2.0\misc\ltspice\scr\LTC3611.scr
F 1349676180 1140 C:\EAGLE-7.2.0\misc\ltspice\scr\LTC3612.scr
F 1349676180 640 C:\EAGLE-7.2.0\misc\ltspice\scr\LTC3614.scr
F 1349676180 1496 C:\EAGLE-7.2.0\misc\ltspice\scr\LTC3615.scr
F 1349676180 640 C:\EAGLE-7.2.0\misc\ltspice\scr\LTC3616.scr
F 1349676180 1502 C:\EAGLE-7.2.0\misc\ltspice\scr\LTC3618.scr
F 1349676180 870 C:\EAGLE-7.2.0\misc\ltspice\scr\LTC3619.scr
F 1349676180 872 C:\EAGLE-7.2.0\misc\ltspice\scr\LTC3619B.scr
F 1349676180 435 C:\EAGLE-7.2.0\misc\ltspice\scr\LTC3620.scr
F 1349676180 697 C:\EAGLE-7.2.0\misc\ltspice\scr\LTC3631.scr
F 1349676180 696 C:\EAGLE-7.2.0\misc\ltspice\scr\LTC3632.scr
F 1349676180 1754 C:\EAGLE-7.2.0\misc\ltspice\scr\LTC3633.scr
F 1349676180 1739 C:\EAGLE-7.2.0\misc\ltspice\scr\LTC3634.scr
F 1349676180 696 C:\EAGLE-7.2.0\misc\ltspice\scr\LTC3642.scr
F 1349676180 570 C:\EAGLE-7.2.0\misc\ltspice\scr\LTC3670.scr
F 1349676180 463 C:\EAGLE-7.2.0\misc\ltspice\scr\LTC3672B-1.scr
F 1349676180 463 C:\EAGLE-7.2.0\misc\ltspice\scr\LTC3672B-2.scr
F 1349676180 491 C:\EAGLE-7.2.0\misc\ltspice\scr\LTC3700.scr
F 1349676180 684 C:\EAGLE-7.2.0\misc\ltspice\scr\LTC3701.scr
F 1349676180 1179 C:\EAGLE-7.2.0\misc\ltspice\scr\LTC3703-5.scr
F 1349676180 1176 C:\EAGLE-7.2.0\misc\ltspice\scr\LTC3703.scr
F 1349676180 489 C:\EAGLE-7.2.0\misc\ltspice\scr\LTC3704.scr
F 1349676180 612 C:\EAGLE-7.2.0\misc\ltspice\scr\LTC3705.scr
F 1349676180 866 C:\EAGLE-7.2.0\misc\ltspice\scr\LTC3706.scr
F 1349676180 1040 C:\EAGLE-7.2.0\misc\ltspice\scr\LTC3707-SYNC.scr
F 1349676180 1031 C:\EAGLE-7.2.0\misc\ltspice\scr\LTC3707.scr
F 1349676180 1130 C:\EAGLE-7.2.0\misc\ltspice\scr\LTC3708.scr
F 1349676180 2062 C:\EAGLE-7.2.0\misc\ltspice\scr\LTC3709.scr
F 1349676180 888 C:\EAGLE-7.2.0\misc\ltspice\scr\LTC3711.scr
F 1349676180 893 C:\EAGLE-7.2.0\misc\ltspice\scr\LTC3713.scr
F 1349676180 1009 C:\EAGLE-7.2.0\misc\ltspice\scr\LTC3714.scr
F 1349676180 1273 C:\EAGLE-7.2.0\misc\ltspice\scr\LTC3716.scr
F 1349676180 864 C:\EAGLE-7.2.0\misc\ltspice\scr\LTC3717-1.scr
F 1349676180 674 C:\EAGLE-7.2.0\misc\ltspice\scr\LTC3717.scr
F 1349676180 886 C:\EAGLE-7.2.0\misc\ltspice\scr\LTC3718.scr
F 1349676180 1247 C:\EAGLE-7.2.0\misc\ltspice\scr\LTC3719.scr
F 1349676180 597 C:\EAGLE-7.2.0\misc\ltspice\scr\LTC3721-1.scr
F 1349676180 626 C:\EAGLE-7.2.0\misc\ltspice\scr\LTC3723-1.scr
F 1349676180 626 C:\EAGLE-7.2.0\misc\ltspice\scr\LTC3723-2.scr
F 1349676180 506 C:\EAGLE-7.2.0\misc\ltspice\scr\LTC3725.scr
F 1349676180 628 C:\EAGLE-7.2.0\misc\ltspice\scr\LTC3726.scr
F 1349676180 1936 C:\EAGLE-7.2.0\misc\ltspice\scr\LTC3727-1.scr
F 1349676180 1029 C:\EAGLE-7.2.0\misc\ltspice\scr\LTC3727.scr
F 1349676180 1035 C:\EAGLE-7.2.0\misc\ltspice\scr\LTC3727A-1.scr
F 1349676180 1939 C:\EAGLE-7.2.0\misc\ltspice\scr\LTC3727LX-1.scr
F 1349676180 1928 C:\EAGLE-7.2.0\misc\ltspice\scr\LTC3728.scr
F 1349676180 1913 C:\EAGLE-7.2.0\misc\ltspice\scr\LTC3728L.scr
F 1349676180 1922 C:\EAGLE-7.2.0\misc\ltspice\scr\LTC3729.scr
F 1349676180 1058 C:\EAGLE-7.2.0\misc\ltspice\scr\LTC3729L-6.scr
F 1349676180 1247 C:\EAGLE-7.2.0\misc\ltspice\scr\LTC3732.scr
F 1349676180 1204 C:\EAGLE-7.2.0\misc\ltspice\scr\LTC3733.scr
F 1349676180 1580 C:\EAGLE-7.2.0\misc\ltspice\scr\LTC3736-1.scr
F 1349676180 1590 C:\EAGLE-7.2.0\misc\ltspice\scr\LTC3736-2.scr
F 1349676180 1587 C:\EAGLE-7.2.0\misc\ltspice\scr\LTC3736.scr
F 1349676180 645 C:\EAGLE-7.2.0\misc\ltspice\scr\LTC3765.scr
F 1349676180 1787 C:\EAGLE-7.2.0\misc\ltspice\scr\LTC3766.scr
F 1349676180 1098 C:\EAGLE-7.2.0\misc\ltspice\scr\LTC3770.scr
F 1349676180 703 C:\EAGLE-7.2.0\misc\ltspice\scr\LTC3772.scr
F 1349676180 705 C:\EAGLE-7.2.0\misc\ltspice\scr\LTC3772B.scr
F 1349676180 1340 C:\EAGLE-7.2.0\misc\ltspice\scr\LTC3773.scr
F 1349676180 1204 C:\EAGLE-7.2.0\misc\ltspice\scr\LTC3775.scr
F 1349676180 1596 C:\EAGLE-7.2.0\misc\ltspice\scr\LTC3776.scr
F 1349676180 756 C:\EAGLE-7.2.0\misc\ltspice\scr\LTC3778.scr
F 1349676180 1687 C:\EAGLE-7.2.0\misc\ltspice\scr\LTC3780.scr
F 1349676180 905 C:\EAGLE-7.2.0\misc\ltspice\scr\LTC3785-1.scr
F 1349676180 906 C:\EAGLE-7.2.0\misc\ltspice\scr\LTC3785.scr
F 1349676180 1135 C:\EAGLE-7.2.0\misc\ltspice\scr\LTC3786.scr
F 1349676180 1839 C:\EAGLE-7.2.0\misc\ltspice\scr\LTC3787.scr
F 1349676180 1002 C:\EAGLE-7.2.0\misc\ltspice\scr\LTC3788-1.scr
F 1349676180 1123 C:\EAGLE-7.2.0\misc\ltspice\scr\LTC3788.scr
F 1349676180 385 C:\EAGLE-7.2.0\misc\ltspice\scr\LTC3801.scr
F 1349676180 387 C:\EAGLE-7.2.0\misc\ltspice\scr\LTC3801B.scr
F 1349676180 1025 C:\EAGLE-7.2.0\misc\ltspice\scr\LTC3802.scr
F 1349676180 387 C:\EAGLE-7.2.0\misc\ltspice\scr\LTC3803-3.scr
F 1349676180 387 C:\EAGLE-7.2.0\misc\ltspice\scr\LTC3803-5.scr
F 1349676180 383 C:\EAGLE-7.2.0\misc\ltspice\scr\LTC3803.scr
F 1349676180 493 C:\EAGLE-7.2.0\misc\ltspice\scr\LTC3806.scr
F 1349676180 1110 C:\EAGLE-7.2.0\misc\ltspice\scr\LTC3808.scr
F 1349676180 871 C:\EAGLE-7.2.0\misc\ltspice\scr\LTC3809-1.scr
F 1349676180 842 C:\EAGLE-7.2.0\misc\ltspice\scr\LTC3809.scr
F 1349676180 924 C:\EAGLE-7.2.0\misc\ltspice\scr\LTC3810-5.scr
F 1349676180 905 C:\EAGLE-7.2.0\misc\ltspice\scr\LTC3810.scr
F 1349676180 1328 C:\EAGLE-7.2.0\misc\ltspice\scr\LTC3811.scr
F 1349676180 664 C:\EAGLE-7.2.0\misc\ltspice\scr\LTC3812-5.scr
F 1349676180 884 C:\EAGLE-7.2.0\misc\ltspice\scr\LTC3813.scr
F 1349676180 654 C:\EAGLE-7.2.0\misc\ltspice\scr\LTC3814-5.scr
F 1349676180 2496 C:\EAGLE-7.2.0\misc\ltspice\scr\LTC3816.scr
F 1349676180 649 C:\EAGLE-7.2.0\misc\ltspice\scr\LTC3822-1.scr
F 1349676180 850 C:\EAGLE-7.2.0\misc\ltspice\scr\LTC3822.scr
F 1349676180 488 C:\EAGLE-7.2.0\misc\ltspice\scr\LTC3824.scr
F 1349676180 1020 C:\EAGLE-7.2.0\misc\ltspice\scr\LTC3826-1.scr
F 1349676180 1146 C:\EAGLE-7.2.0\misc\ltspice\scr\LTC3826.scr
F 1349676180 1019 C:\EAGLE-7.2.0\misc\ltspice\scr\LTC3827-1.scr
F 1349676180 2495 C:\EAGLE-7.2.0\misc\ltspice\scr\LTC3829.scr
F 1349676180 445 C:\EAGLE-7.2.0\misc\ltspice\scr\LTC3830-1.scr
F 1349676180 1408 C:\EAGLE-7.2.0\misc\ltspice\scr\LTC3830.scr
F 1349676180 663 C:\EAGLE-7.2.0\misc\ltspice\scr\LTC3831.scr
F 1349676180 445 C:\EAGLE-7.2.0\misc\ltspice\scr\LTC3832-1.scr
F 1349676180 667 C:\EAGLE-7.2.0\misc\ltspice\scr\LTC3832.scr
F 1349676180 1464 C:\EAGLE-7.2.0\misc\ltspice\scr\LTC3833.scr
F 1349676180 1151 C:\EAGLE-7.2.0\misc\ltspice\scr\LTC3834-1.scr
F 1349676180 1150 C:\EAGLE-7.2.0\misc\ltspice\scr\LTC3835-1.scr
F 1349676180 1394 C:\EAGLE-7.2.0\misc\ltspice\scr\LTC3835.scr
F 1349676180 1713 C:\EAGLE-7.2.0\misc\ltspice\scr\LTC3836.scr
F 1349676180 1035 C:\EAGLE-7.2.0\misc\ltspice\scr\LTC3850-1.scr
F 1349676180 1035 C:\EAGLE-7.2.0\misc\ltspice\scr\LTC3850-2.scr
F 1349676180 1955 C:\EAGLE-7.2.0\misc\ltspice\scr\LTC3850.scr
F 1349676180 1176 C:\EAGLE-7.2.0\misc\ltspice\scr\LTC3851-1.scr
F 1349676180 1668 C:\EAGLE-7.2.0\misc\ltspice\scr\LTC3851.scr
F 1349676180 1178 C:\EAGLE-7.2.0\misc\ltspice\scr\LTC3851A-1.scr
F 1349676180 1670 C:\EAGLE-7.2.0\misc\ltspice\scr\LTC3851A.scr
F 1349676180 873 C:\EAGLE-7.2.0\misc\ltspice\scr\LTC3852.scr
F 1349676180 1372 C:\EAGLE-7.2.0\misc\ltspice\scr\LTC3853.scr
F 1349676180 940 C:\EAGLE-7.2.0\misc\ltspice\scr\LTC3854.scr
F 1349676180 2567 C:\EAGLE-7.2.0\misc\ltspice\scr\LTC3855.scr
F 1349676180 1256 C:\EAGLE-7.2.0\misc\ltspice\scr\LTC3856.scr
F 1349676180 1019 C:\EAGLE-7.2.0\misc\ltspice\scr\LTC3857-1.scr
F 1349676180 1140 C:\EAGLE-7.2.0\misc\ltspice\scr\LTC3857.scr
F 1349676180 1856 C:\EAGLE-7.2.0\misc\ltspice\scr\LTC3858-1.scr
F 1349676180 1131 C:\EAGLE-7.2.0\misc\ltspice\scr\LTC3858-2.scr
F 1349676180 1127 C:\EAGLE-7.2.0\misc\ltspice\scr\LTC3858.scr
F 1349676180 2488 C:\EAGLE-7.2.0\misc\ltspice\scr\LTC3859.scr
F 1349676180 1138 C:\EAGLE-7.2.0\misc\ltspice\scr\LTC3860.scr
F 1349676180 2366 C:\EAGLE-7.2.0\misc\ltspice\scr\LTC3862-1.scr
F 1349676180 2362 C:\EAGLE-7.2.0\misc\ltspice\scr\LTC3862.scr
F 1349676180 1284 C:\EAGLE-7.2.0\misc\ltspice\scr\LTC3865.scr
F 1349676180 949 C:\EAGLE-7.2.0\misc\ltspice\scr\LTC3867.scr
F 1349676180 1856 C:\EAGLE-7.2.0\misc\ltspice\scr\LTC3868-1.scr
F 1349676180 1127 C:\EAGLE-7.2.0\misc\ltspice\scr\LTC3868.scr
F 1349676180 1009 C:\EAGLE-7.2.0\misc\ltspice\scr\LTC3869-2.scr
F 1349676180 1034 C:\EAGLE-7.2.0\misc\ltspice\scr\LTC3869.scr
F 1349676180 676 C:\EAGLE-7.2.0\misc\ltspice\scr\LTC3872.scr
F 1349676180 715 C:\EAGLE-7.2.0\misc\ltspice\scr\LTC3873-5.scr
F 1349676180 711 C:\EAGLE-7.2.0\misc\ltspice\scr\LTC3873.scr
F 1349676180 649 C:\EAGLE-7.2.0\misc\ltspice\scr\LTC3878.scr
F 1349676180 1143 C:\EAGLE-7.2.0\misc\ltspice\scr\LTC3879.scr
F 1349676180 1029 C:\EAGLE-7.2.0\misc\ltspice\scr\LTC3890-1.scr
F 1349676180 1150 C:\EAGLE-7.2.0\misc\ltspice\scr\LTC3890.scr
F 1349676180 1337 C:\EAGLE-7.2.0\misc\ltspice\scr\LTC3891.scr
F 1349676180 412 C:\EAGLE-7.2.0\misc\ltspice\scr\LTC3900.scr
F 1349676180 579 C:\EAGLE-7.2.0\misc\ltspice\scr\LTC3901.scr
F 1349676180 878 C:\EAGLE-7.2.0\misc\ltspice\scr\LTM4600.scr
F 1349676180 884 C:\EAGLE-7.2.0\misc\ltspice\scr\LTM4600HV.scr
F 1349676180 1117 C:\EAGLE-7.2.0\misc\ltspice\scr\LTM4601.scr
F 1349676180 1146 C:\EAGLE-7.2.0\misc\ltspice\scr\LTM4601A-1.scr
F 1349676180 1225 C:\EAGLE-7.2.0\misc\ltspice\scr\LTM4601A.scr
F 1349676180 1235 C:\EAGLE-7.2.0\misc\ltspice\scr\LTM4601AHV.scr
F 1349676180 1126 C:\EAGLE-7.2.0\misc\ltspice\scr\LTM4601HV.scr
F 1349676180 874 C:\EAGLE-7.2.0\misc\ltspice\scr\LTM4602.scr
F 1349676180 885 C:\EAGLE-7.2.0\misc\ltspice\scr\LTM4602HV.scr
F 1349676180 1064 C:\EAGLE-7.2.0\misc\ltspice\scr\LTM4603-1.scr
F 1349676180 1115 C:\EAGLE-7.2.0\misc\ltspice\scr\LTM4603.scr
F 1349676180 1126 C:\EAGLE-7.2.0\misc\ltspice\scr\LTM4603HV.scr
F 1349676180 663 C:\EAGLE-7.2.0\misc\ltspice\scr\LTM4604.scr
F 1349676180 654 C:\EAGLE-7.2.0\misc\ltspice\scr\LTM4604A.scr
F 1349676180 1188 C:\EAGLE-7.2.0\misc\ltspice\scr\LTM4605.scr
F 1349676180 1157 C:\EAGLE-7.2.0\misc\ltspice\scr\LTM4606.scr
F 1349676180 1202 C:\EAGLE-7.2.0\misc\ltspice\scr\LTM4607.scr
F 1349676180 949 C:\EAGLE-7.2.0\misc\ltspice\scr\LTM4608A.scr
F 1349676180 1203 C:\EAGLE-7.2.0\misc\ltspice\scr\LTM4609.scr
F 1349676180 1108 C:\EAGLE-7.2.0\misc\ltspice\scr\LTM4611.scr
F 1349676180 1167 C:\EAGLE-7.2.0\misc\ltspice\scr\LTM4612.scr
F 1349676180 1171 C:\EAGLE-7.2.0\misc\ltspice\scr\LTM4613.scr
F 1349676180 1679 C:\EAGLE-7.2.0\misc\ltspice\scr\LTM4616.scr
F 1349676180 873 C:\EAGLE-7.2.0\misc\ltspice\scr\LTM4618.scr
F 1349676180 1213 C:\EAGLE-7.2.0\misc\ltspice\scr\LTM4619.scr
F 1349676180 1113 C:\EAGLE-7.2.0\misc\ltspice\scr\LTM4627.scr
F 1349676180 398 C:\EAGLE-7.2.0\misc\ltspice\scr\LTM8020.scr
F 1349676180 452 C:\EAGLE-7.2.0\misc\ltspice\scr\LTM8021.scr
F 1349676180 632 C:\EAGLE-7.2.0\misc\ltspice\scr\LTM8040.scr
F 1349676180 779 C:\EAGLE-7.2.0\misc\ltspice\scr\LTM8042-1.scr
F 1349676180 775 C:\EAGLE-7.2.0\misc\ltspice\scr\LTM8042.scr
F 1349676180 547 C:\EAGLE-7.2.0\misc\ltspice\scr\LTM8047.scr
F 1349676180 651 C:\EAGLE-7.2.0\misc\ltspice\scr\LTM8048.scr
F 1349676180 748 C:\EAGLE-7.2.0\misc\ltspice\scr\LTM8062.scr
F 1165979780 683 C:\EAGLE-7.2.0\projects\DESCRIPTION
F 1417068120 288620 C:\EAGLE-7.2.0\projects\examples\arduino\Arduino_MEGA2560_ref.brd
F 1417068120 1379567 C:\EAGLE-7.2.0\projects\examples\arduino\Arduino_MEGA2560_ref.sch
F 1323749520 683 C:\EAGLE-7.2.0\projects\examples\arduino\DESCRIPTION
F 1323749520 559 C:\EAGLE-7.2.0\projects\examples\arduino\eagle.epf
F 1165979780 270 C:\EAGLE-7.2.0\projects\examples\DESCRIPTION
F 1208754000 161 C:\EAGLE-7.2.0\projects\examples\elektro\DESCRIPTION
F 1323749520 106511 C:\EAGLE-7.2.0\projects\examples\elektro\stern-dreieck-anlauf.sch
F 1165979780 273 C:\EAGLE-7.2.0\projects\examples\hexapod\DESCRIPTION
F 1323749520 484 C:\EAGLE-7.2.0\projects\examples\hexapod\eagle.epf
F 1417068120 228022 C:\EAGLE-7.2.0\projects\examples\hexapod\hexapod.brd
F 1417068120 220431 C:\EAGLE-7.2.0\projects\examples\hexapod\hexapod.sch
F 1357535040 135464 C:\EAGLE-7.2.0\projects\examples\ltspice\3518-eagle.sch
F 1357535040 46666 C:\EAGLE-7.2.0\projects\examples\ltspice\3518.sch
F 1357535040 2035 C:\EAGLE-7.2.0\projects\examples\ltspice\eagle.epf
F 1165979780 362 C:\EAGLE-7.2.0\projects\examples\singlesided\DESCRIPTION
F 1334296920 538 C:\EAGLE-7.2.0\projects\examples\singlesided\eagle.epf
F 1334296920 49065 C:\EAGLE-7.2.0\projects\examples\singlesided\singlesided.brd
F 1334296920 334966 C:\EAGLE-7.2.0\projects\examples\singlesided\singlesided.sch
F 1059711060 2561 C:\EAGLE-7.2.0\projects\examples\singlesided\singlesided_h.ctl
F 1059711060 2561 C:\EAGLE-7.2.0\projects\examples\singlesided\singlesided_v.ctl
F 1407740460 825 C:\EAGLE-7.2.0\projects\examples\ti-launchpad\DESCRIPTION
F 1407740460 4016 C:\EAGLE-7.2.0\projects\examples\ti-launchpad\eagle.epf
F 1405321200 1665618 C:\EAGLE-7.2.0\projects\examples\ti-launchpad\MSP-EXP430F5529LP.brd
F 1405321200 2247692 C:\EAGLE-7.2.0\projects\examples\ti-launchpad\MSP-EXP430F5529LP.sch
F 1334296920 87785 C:\EAGLE-7.2.0\projects\examples\tutorial\bus.sch
F 1334296920 620328 C:\EAGLE-7.2.0\projects\examples\tutorial\demo1.sch
F 1334296920 55082 C:\EAGLE-7.2.0\projects\examples\tutorial\demo2.brd
F 1334296920 620328 C:\EAGLE-7.2.0\projects\examples\tutorial\demo2.sch
F 1334296920 58608 C:\EAGLE-7.2.0\projects\examples\tutorial\demo3.brd
F 1334296920 620329 C:\EAGLE-7.2.0\projects\examples\tutorial\demo3.sch
F 1165979780 365 C:\EAGLE-7.2.0\projects\examples\tutorial\DESCRIPTION
F 1323749520 113428 C:\EAGLE-7.2.0\projects\examples\tutorial\hexapodu.brd
F 1059711060 2431 C:\EAGLE-7.2.0\projects\examples\tutorial\hexapodu.ctl
F 1375855500 996 C:\EAGLE-7.2.0\scr\default-assign.scr
F 1208754000 1417 C:\EAGLE-7.2.0\scr\defaultcolors.scr
F 1208754000 400 C:\EAGLE-7.2.0\scr\delete-signals.scr
F 1165979780 816 C:\EAGLE-7.2.0\scr\DESCRIPTION
F 1405321200 2267 C:\EAGLE-7.2.0\scr\eagle.scr
F 1208754000 510 C:\EAGLE-7.2.0\scr\elektro-init.scr
F 977454000 495 C:\EAGLE-7.2.0\scr\euro.scr
F 977454000 222 C:\EAGLE-7.2.0\scr\fill.scr
F 1375855500 2348 C:\EAGLE-7.2.0\scr\lbr-assign.scr
F 977454000 1168 C:\EAGLE-7.2.0\scr\menu.scr
F 1080097880 3074 C:\EAGLE-7.2.0\scr\mylayers.scr
F 989812980 284 C:\EAGLE-7.2.0\scr\nofill.scr
F 1407740460 18217 C:\EAGLE-7.2.0\ulp\bom.ulp
F 1017284950 15414 C:\EAGLE-7.2.0\ulp\cam2dxf.ulp
F 1112069640 17439 C:\EAGLE-7.2.0\ulp\cam2image.ulp
F 1017284950 718 C:\EAGLE-7.2.0\ulp\cam2print-box-grey-optimize.bmp
F 1017284950 718 C:\EAGLE-7.2.0\ulp\cam2print-box-grey-poscoord.bmp
F 1017284950 718 C:\EAGLE-7.2.0\ulp\cam2print-box-grey-quickplot.bmp
F 1323749520 27003 C:\EAGLE-7.2.0\ulp\cam2print.ulp
F 1417068120 2002 C:\EAGLE-7.2.0\ulp\centroid-screamingcircuits-smd.ulp
F 1059711060 5214 C:\EAGLE-7.2.0\ulp\change-pad-in-lbr-1.bmp
F 1059711060 5266 C:\EAGLE-7.2.0\ulp\change-pad-in-lbr-x.bmp
F 1112069640 16032 C:\EAGLE-7.2.0\ulp\change-pad-in-lbr.ulp
F 1292213460 3719 C:\EAGLE-7.2.0\ulp\change-prefix-sch.ulp
F 1417093786 4525 C:\EAGLE-7.2.0\ulp\change-via-by-stack.ulp
F 1323749520 2465 C:\EAGLE-7.2.0\ulp\check-used-lbrs.ulp
F 1208754000 2881 C:\EAGLE-7.2.0\ulp\clear-layer-in-lbr.ulp
F 1417093786 7821 C:\EAGLE-7.2.0\ulp\cmd-change-brd-width.ulp
F 1017284950 3180 C:\EAGLE-7.2.0\ulp\cmd-change-class.ulp
F 1208754000 10473 C:\EAGLE-7.2.0\ulp\cmd-change-swap-layer.ulp
F 1401689160 1644 C:\EAGLE-7.2.0\ulp\cmd-change-value-group.ulp
F 1165979780 7862 C:\EAGLE-7.2.0\ulp\cmd-draw-group.bmp
F 1165979780 7862 C:\EAGLE-7.2.0\ulp\cmd-draw-hole-ellipse-calcstep.bmp
F 1165979780 7862 C:\EAGLE-7.2.0\ulp\cmd-draw-hole-ellipse-degstep.bmp
F 1165979780 7862 C:\EAGLE-7.2.0\ulp\cmd-draw-hole-ellipse4-calcstep.bmp
F 1165979780 7862 C:\EAGLE-7.2.0\ulp\cmd-draw-hole-ellipse4-degstep.bmp
F 1165979780 7862 C:\EAGLE-7.2.0\ulp\cmd-draw-hole-none-calcstep.bmp
F 1165979780 7862 C:\EAGLE-7.2.0\ulp\cmd-draw-hole-none-degstep.bmp
F 1165979780 7862 C:\EAGLE-7.2.0\ulp\cmd-draw-hole-none.bmp
F 1165979780 7862 C:\EAGLE-7.2.0\ulp\cmd-draw-move-circle-match-calcstep.bmp
F 1165979780 7862 C:\EAGLE-7.2.0\ulp\cmd-draw-move-circle-match-degstep.bmp
F 1165979780 7862 C:\EAGLE-7.2.0\ulp\cmd-draw-move-circle-no_match-calcstep.bmp
F 1165979780 7862 C:\EAGLE-7.2.0\ulp\cmd-draw-move-circle-no_match-degstep.bmp
F 1165979780 7862 C:\EAGLE-7.2.0\ulp\cmd-draw-move-ellipse-match-calcstep.bmp
F 1165979780 7862 C:\EAGLE-7.2.0\ulp\cmd-draw-move-ellipse-match-degstep.bmp
F 1165979780 7862 C:\EAGLE-7.2.0\ulp\cmd-draw-move-ellipse-no_match-calcstep.bmp
F 1165979780 7862 C:\EAGLE-7.2.0\ulp\cmd-draw-move-ellipse-no_match-degstep.bmp
F 1165979780 7862 C:\EAGLE-7.2.0\ulp\cmd-draw-move-ellipse4-match-calcstep.bmp
F 1165979780 7862 C:\EAGLE-7.2.0\ulp\cmd-draw-move-ellipse4-match-degstep.bmp
F 1165979780 7862 C:\EAGLE-7.2.0\ulp\cmd-draw-move-ellipse4-no_match-calcstep.bmp
F 1165979780 7862 C:\EAGLE-7.2.0\ulp\cmd-draw-move-ellipse4-no_match-degstep.bmp
F 1165979780 7862 C:\EAGLE-7.2.0\ulp\cmd-draw-move-match-ellipse-none.bmp
F 1165979780 7862 C:\EAGLE-7.2.0\ulp\cmd-draw-move-match-none.bmp
F 1165979780 7862 C:\EAGLE-7.2.0\ulp\cmd-draw-move-no_match-ellipse-none.bmp
F 1165979780 7862 C:\EAGLE-7.2.0\ulp\cmd-draw-move-no_match-none.bmp
F 1165979780 7862 C:\EAGLE-7.2.0\ulp\cmd-draw-pad-ellipse-calcstep.bmp
F 1165979780 7862 C:\EAGLE-7.2.0\ulp\cmd-draw-pad-ellipse-degstep.bmp
F 1165979780 7862 C:\EAGLE-7.2.0\ulp\cmd-draw-pad-ellipse4-calcstep.bmp
F 1165979780 7862 C:\EAGLE-7.2.0\ulp\cmd-draw-pad-ellipse4-degstep.bmp
F 1165979780 7862 C:\EAGLE-7.2.0\ulp\cmd-draw-pad-none-calcstep.bmp
F 1165979780 7862 C:\EAGLE-7.2.0\ulp\cmd-draw-pad-none-degstep.bmp
F 1165979780 7862 C:\EAGLE-7.2.0\ulp\cmd-draw-pad-none.bmp
F 1165979780 7862 C:\EAGLE-7.2.0\ulp\cmd-draw-polygon-circle-calcstep.bmp
F 1165979780 7862 C:\EAGLE-7.2.0\ulp\cmd-draw-polygon-circle-degstep.bmp
F 1407740460 2707 C:\EAGLE-7.2.0\ulp\cmd-draw-polygon-contours-as-wire.ulp
F 1165979780 7862 C:\EAGLE-7.2.0\ulp\cmd-draw-polygon-ellipse-calcdeg.bmp
F 1165979780 7862 C:\EAGLE-7.2.0\ulp\cmd-draw-polygon-ellipse-calcstep.bmp
F 1165979780 7862 C:\EAGLE-7.2.0\ulp\cmd-draw-polygon-ellipse-degstep.bmp
F 1165979780 7862 C:\EAGLE-7.2.0\ulp\cmd-draw-polygon-ellipse-none.bmp
F 1165979780 7862 C:\EAGLE-7.2.0\ulp\cmd-draw-polygon-ellipse4-calcstep.bmp
F 1165979780 7862 C:\EAGLE-7.2.0\ulp\cmd-draw-polygon-ellipse4-degstep.bmp
F 1165979780 7862 C:\EAGLE-7.2.0\ulp\cmd-draw-polygon-ellipse4-none.bmp
F 1165979780 7862 C:\EAGLE-7.2.0\ulp\cmd-draw-polygon-none-calcstep.bmp
F 1165979780 7862 C:\EAGLE-7.2.0\ulp\cmd-draw-polygon-none.bmp
F 1165979780 7862 C:\EAGLE-7.2.0\ulp\cmd-draw-smd-circle-match-calcstep.bmp
F 1165979780 7862 C:\EAGLE-7.2.0\ulp\cmd-draw-smd-circle-match-degstep.bmp
F 1165979780 7862 C:\EAGLE-7.2.0\ulp\cmd-draw-smd-circle-no_match-calcstep.bmp
F 1165979780 7862 C:\EAGLE-7.2.0\ulp\cmd-draw-smd-cricle-no_match-degstep.bmp
F 1165979780 7862 C:\EAGLE-7.2.0\ulp\cmd-draw-smd-ellipse-match-calcstep.bmp
F 1165979780 7862 C:\EAGLE-7.2.0\ulp\cmd-draw-smd-ellipse-match-degstap.bmp
F 1165979780 7862 C:\EAGLE-7.2.0\ulp\cmd-draw-smd-ellipse-no_match-calcstep.bmp
F 1165979780 7862 C:\EAGLE-7.2.0\ulp\cmd-draw-smd-ellipse-no_match-degstep.bmp
F 1165979780 7862 C:\EAGLE-7.2.0\ulp\cmd-draw-smd-ellipse4-match-calcstep.bmp
F 1165979780 7862 C:\EAGLE-7.2.0\ulp\cmd-draw-smd-ellipse4-match-degstep.bmp
F 1165979780 7862 C:\EAGLE-7.2.0\ulp\cmd-draw-smd-ellipse4-no_match-calcstep.bmp
F 1165979780 7862 C:\EAGLE-7.2.0\ulp\cmd-draw-smd-ellipse4-no_match-degstep.bmp
F 1165979780 7862 C:\EAGLE-7.2.0\ulp\cmd-draw-smd-match-degstep.bmp
F 1165979780 7862 C:\EAGLE-7.2.0\ulp\cmd-draw-smd-match-none.bmp
F 1165979780 7862 C:\EAGLE-7.2.0\ulp\cmd-draw-smd-no_match-degsetp.bmp
F 1165979780 7862 C:\EAGLE-7.2.0\ulp\cmd-draw-smd-no_match-none.bmp
F 1165979780 7862 C:\EAGLE-7.2.0\ulp\cmd-draw-wire-calc-ellipse.bmp
F 1165979780 7862 C:\EAGLE-7.2.0\ulp\cmd-draw-wire-calcstep-none.bmp
F 1165979780 7862 C:\EAGLE-7.2.0\ulp\cmd-draw-wire-circle-calcstep.bmp
F 1165979780 7862 C:\EAGLE-7.2.0\ulp\cmd-draw-wire-circle-degstep.bmp
F 1165979780 7862 C:\EAGLE-7.2.0\ulp\cmd-draw-wire-clac-ellipse4.bmp
F 1165979780 7862 C:\EAGLE-7.2.0\ulp\cmd-draw-wire-degstep-none.bmp
F 1165979780 7862 C:\EAGLE-7.2.0\ulp\cmd-draw-wire-ellipse.bmp
F 1165979780 7862 C:\EAGLE-7.2.0\ulp\cmd-draw-wire-none.bmp
F 1165979780 7862 C:\EAGLE-7.2.0\ulp\cmd-draw-wire-step-ellipse.bmp
F 1165979780 7862 C:\EAGLE-7.2.0\ulp\cmd-draw-wire-step-ellipse4.bmp
F 1401689160 66282 C:\EAGLE-7.2.0\ulp\cmd-draw.ulp
F 1407740460 10040 C:\EAGLE-7.2.0\ulp\cmd-net-list2sch.ulp
F 1144037770 9179 C:\EAGLE-7.2.0\ulp\cmd-netscript2sch.ulp
F 1407740460 5867 C:\EAGLE-7.2.0\ulp\cmd-place-restrict-name-value.ulp
F 1165979780 1010 C:\EAGLE-7.2.0\ulp\cmd-rename-in-lbr.ulp
F 1059711060 26727 C:\EAGLE-7.2.0\ulp\cmd-renumber.ulp
F 1017284950 2532 C:\EAGLE-7.2.0\ulp\cmd-showzoom.ulp
F 1239685500 6673 C:\EAGLE-7.2.0\ulp\cmd-snap-board.ulp
F 1023077360 4460 C:\EAGLE-7.2.0\ulp\cmd-snappads.ulp
F 1407740460 11498 C:\EAGLE-7.2.0\ulp\connect-device-split-symbol.ulp
F 1417093786 2271 C:\EAGLE-7.2.0\ulp\copy-attribute-at-deviceset.ulp
F 1407740460 14709 C:\EAGLE-7.2.0\ulp\copy-layer-to-any-layer.ulp
F 1407740460 8342 C:\EAGLE-7.2.0\ulp\copy-silk-screen.ulp
F 1144037770 2955 C:\EAGLE-7.2.0\ulp\copy-text-as-wire.ulp
F 1407740460 11603 C:\EAGLE-7.2.0\ulp\copy-wire-to-solder-mask.ulp
F 1017284950 1404 C:\EAGLE-7.2.0\ulp\count.ulp
F 1407740460 1013 C:\EAGLE-7.2.0\ulp\del-devices.ulp
F 1017284950 1134 C:\EAGLE-7.2.0\ulp\del-empty-devices.ulp
F 1407740460 2419 C:\EAGLE-7.2.0\ulp\del-pack-sym.ulp
F 1165979780 904 C:\EAGLE-7.2.0\ulp\DESCRIPTION
F 1417068120 36485 C:\EAGLE-7.2.0\ulp\designlink-inc.ulp
F 1417093786 15879 C:\EAGLE-7.2.0\ulp\designlink-lbr.ulp
F 1417068120 26452 C:\EAGLE-7.2.0\ulp\designlink-order.ulp
F 1214888460 14431 C:\EAGLE-7.2.0\ulp\dif40.ulp
F 1407740460 4725 C:\EAGLE-7.2.0\ulp\dose-pro.ulp
F 1225080180 2397 C:\EAGLE-7.2.0\ulp\drill-aid.ulp
F 1017284950 3170 C:\EAGLE-7.2.0\ulp\drillcfg.ulp
F 1407740460 46323 C:\EAGLE-7.2.0\ulp\drillegend-stack.ulp
F 1401689160 50917 C:\EAGLE-7.2.0\ulp\dxf.ulp
F 1417093786 50692 C:\EAGLE-7.2.0\ulp\e-attributverwaltung.ulp
F 1292213460 15112 C:\EAGLE-7.2.0\ulp\e-bauteil-erstellen.ulp
F 1401689160 33225 C:\EAGLE-7.2.0\ulp\e-brueckenverwaltung.ulp
F 1263269220 40430 C:\EAGLE-7.2.0\ulp\e-klemmenplan.ulp
F 1214888460 10545 C:\EAGLE-7.2.0\ulp\e-makelist.ulp
F 1375855500 4115 C:\EAGLE-7.2.0\ulp\e-packages-aus-devices-pin-ist-padname.ulp
F 1017284950 12102 C:\EAGLE-7.2.0\ulp\eagle.bmp
F 1407740460 60340 C:\EAGLE-7.2.0\ulp\EagleIDFExporter.ulp
F 1357535040 8116 C:\EAGLE-7.2.0\ulp\edit-used-dev-pac-sym.ulp
F 1017284950 1516 C:\EAGLE-7.2.0\ulp\editnext-dev-sym-pac.ulp
F 1080097880 830 C:\EAGLE-7.2.0\ulp\editnext-lbr.ulp
F 1017284950 486 C:\EAGLE-7.2.0\ulp\editnext-sheet.ulp
F 1017284950 1505 C:\EAGLE-7.2.0\ulp\editprev-dev-sym-pac.ulp
F 1080097880 854 C:\EAGLE-7.2.0\ulp\editprev-lbr.ulp
F 1017284950 412 C:\EAGLE-7.2.0\ulp\editprev-sheet.ulp
F 1017284950 468 C:\EAGLE-7.2.0\ulp\ex-argv-path.ulp
F 1144037770 18696 C:\EAGLE-7.2.0\ulp\ex-dialogs.ulp
F 1017284950 718 C:\EAGLE-7.2.0\ulp\ex-dlglist.ulp
F 1017284950 757 C:\EAGLE-7.2.0\ulp\ex-file-copy.ulp
F 1269925680 623 C:\EAGLE-7.2.0\ulp\ex-include.ulp
F 1017284950 1781 C:\EAGLE-7.2.0\ulp\ex-input-file.ulp
F 1112069640 2296 C:\EAGLE-7.2.0\ulp\ex-loop-lbrs.ulp
F 1017284950 867 C:\EAGLE-7.2.0\ulp\ex-run-script.ulp
F 1017284950 2591 C:\EAGLE-7.2.0\ulp\exp-descr-html.ulp
F 1017284950 2995 C:\EAGLE-7.2.0\ulp\exp-descr-script.ulp
F 1417093786 26720 C:\EAGLE-7.2.0\ulp\exp-lbrs.ulp
F 1214888460 10795 C:\EAGLE-7.2.0\ulp\exp2image.ulp
F 1323749520 2678 C:\EAGLE-7.2.0\ulp\export-class.ulp
F 1417093786 16914 C:\EAGLE-7.2.0\ulp\export-error.ulp
F 1214888460 2853 C:\EAGLE-7.2.0\ulp\export-ict-netlist-pad-coordinates.ulp
F 1401689160 47907 C:\EAGLE-7.2.0\ulp\fabmaster.ulp
F 1401689160 38164 C:\EAGLE-7.2.0\ulp\Felicitas_PCBSim.ulp
F 1080097880 3368 C:\EAGLE-7.2.0\ulp\fill-via4vacuum.ulp
F 1417093786 16591 C:\EAGLE-7.2.0\ulp\find-single-ended-wire.ulp
F 1407740460 47543 C:\EAGLE-7.2.0\ulp\find.ulp
F 1417068120 11992 C:\EAGLE-7.2.0\ulp\gen-3d-idf-pac.ulp
F 1401689160 41082 C:\EAGLE-7.2.0\ulp\generate-3d-idf-data.ulp
F 1407740460 5001 C:\EAGLE-7.2.0\ulp\generate-dummy-package-and-connect.ulp
F 1407740460 4092 C:\EAGLE-7.2.0\ulp\gluemark.ulp
F 1017284950 1300 C:\EAGLE-7.2.0\ulp\glueout.ulp
F 1417068120 75106 C:\EAGLE-7.2.0\ulp\hyperlynx.ulp
F 1405321200 297365 C:\EAGLE-7.2.0\ulp\import-accel.ulp
F 1017284950 82254 C:\EAGLE-7.2.0\ulp\import-bmp-c256.bmp
F 1017284950 9118 C:\EAGLE-7.2.0\ulp\import-bmp-dpi.bmp
F 1017284950 9118 C:\EAGLE-7.2.0\ulp\import-bmp-ratio.bmp
F 1017284950 9118 C:\EAGLE-7.2.0\ulp\import-bmp-scale.bmp
F 1407740460 40359 C:\EAGLE-7.2.0\ulp\import-bmp.ulp
F 1401689160 48635 C:\EAGLE-7.2.0\ulp\import-pads-powerpcb-v5.ulp
F 1017284950 58450 C:\EAGLE-7.2.0\ulp\import-ultiboard-ddf.ulp
F 1334296920 5430 C:\EAGLE-7.2.0\ulp\ipc-d-356.ulp
F 1375855500 321 C:\EAGLE-7.2.0\ulp\layer-sequence-arrowdown.png
F 1375855500 310 C:\EAGLE-7.2.0\ulp\layer-sequence-arrowup.png
F 1401689160 13022 C:\EAGLE-7.2.0\ulp\layer-sequence.ulp
F 1059711060 5577 C:\EAGLE-7.2.0\ulp\length-freq-ri.ulp
F 1375855500 7706 C:\EAGLE-7.2.0\ulp\length.ulp
F 1375855500 38758 C:\EAGLE-7.2.0\ulp\lpp.ulp
F 1401689160 195229 C:\EAGLE-7.2.0\ulp\ltspice.ulp
F 1323749520 11010 C:\EAGLE-7.2.0\ulp\make-group2pac.ulp
F 1375855500 8677 C:\EAGLE-7.2.0\ulp\make-long-pad-inner-layer.ulp
F 1323749520 4597 C:\EAGLE-7.2.0\ulp\make-package-consistent-brd-sch.ulp
F 1401689160 144900 C:\EAGLE-7.2.0\ulp\make-symbol-device-package-bsdl.ulp
F 1357535040 18771 C:\EAGLE-7.2.0\ulp\make-value-consistent.ulp
F 1165979780 28278 C:\EAGLE-7.2.0\ulp\make_bga_package.bmp
F 1323749520 2134 C:\EAGLE-7.2.0\ulp\make_package_dual.bmp
F 1323749520 5422 C:\EAGLE-7.2.0\ulp\make_package_meass_pacinfo.bmp
F 1323749520 5422 C:\EAGLE-7.2.0\ulp\make_package_meass_pacinfo2.bmp
F 1323749520 5638 C:\EAGLE-7.2.0\ulp\make_package_meass_padinfo-oct.bmp
F 1323749520 5638 C:\EAGLE-7.2.0\ulp\make_package_meass_padinfo-round.bmp
F 1323749520 5638 C:\EAGLE-7.2.0\ulp\make_package_meass_padinfo-sqr.bmp
F 1323749520 5638 C:\EAGLE-7.2.0\ulp\make_package_meass_smdinfo.bmp
F 1323749520 2134 C:\EAGLE-7.2.0\ulp\make_package_quad_left.bmp
F 1323749520 2134 C:\EAGLE-7.2.0\ulp\make_package_quad_middle.bmp
F 1102993990 3118 C:\EAGLE-7.2.0\ulp\make_symbol_dual1.bmp
F 1102993990 3118 C:\EAGLE-7.2.0\ulp\make_symbol_dual2.bmp
F 1102993990 3118 C:\EAGLE-7.2.0\ulp\make_symbol_quad.bmp
F 1102993990 3118 C:\EAGLE-7.2.0\ulp\make_symbol_single.bmp
F 1165979780 3118 C:\EAGLE-7.2.0\ulp\make_symbol_stripe.bmp
F 1275887400 35758 C:\EAGLE-7.2.0\ulp\maskdata.ulp
F 1134357360 42118 C:\EAGLE-7.2.0\ulp\microstrip-radial-stub.bmp
F 1134357360 10461 C:\EAGLE-7.2.0\ulp\microstrip-radial-stub.ulp
F 1059711060 16078 C:\EAGLE-7.2.0\ulp\mill-outlines-bott.bmp
F 1134357360 23638 C:\EAGLE-7.2.0\ulp\mill-outlines-cnc-dim-down.bmp
F 1102993990 16078 C:\EAGLE-7.2.0\ulp\mill-outlines-cnc-down.bmp
F 1102993990 16078 C:\EAGLE-7.2.0\ulp\mill-outlines-cnc-drill-down.bmp
F 1102993990 16078 C:\EAGLE-7.2.0\ulp\mill-outlines-cnc-drill-safety.bmp
F 1102993990 16078 C:\EAGLE-7.2.0\ulp\mill-outlines-cnc-fastvelocity.bmp
F 1134357360 16278 C:\EAGLE-7.2.0\ulp\mill-outlines-cnc-parkposition.bmp
F 1102993990 16078 C:\EAGLE-7.2.0\ulp\mill-outlines-cnc-rpm.bmp
F 1102993990 16078 C:\EAGLE-7.2.0\ulp\mill-outlines-cnc-safety.bmp
F 1102993990 16078 C:\EAGLE-7.2.0\ulp\mill-outlines-cnc-up.bmp
F 1102993990 16078 C:\EAGLE-7.2.0\ulp\mill-outlines-cnc-velocity.bmp
F 1080097880 16078 C:\EAGLE-7.2.0\ulp\mill-outlines-cnc.bmp
F 1017284950 16278 C:\EAGLE-7.2.0\ulp\mill-outlines-coppdim.bmp
F 1269925680 14070 C:\EAGLE-7.2.0\ulp\mill-outlines-dimension-contours.bmp
F 1059711060 2806 C:\EAGLE-7.2.0\ulp\mill-outlines-drc-info.bmp
F 1102993990 16078 C:\EAGLE-7.2.0\ulp\mill-outlines-drill-velocity.bmp
F 1102993990 16078 C:\EAGLE-7.2.0\ulp\mill-outlines-drill.bmp
F 1017284950 16078 C:\EAGLE-7.2.0\ulp\mill-outlines-eagle.bmp
F 1017284950 16078 C:\EAGLE-7.2.0\ulp\mill-outlines-free.bmp
F 1323749520 16278 C:\EAGLE-7.2.0\ulp\mill-outlines-get_board_zero.bmp
F 1017284950 16078 C:\EAGLE-7.2.0\ulp\mill-outlines-hole.bmp
F 1059711060 16078 C:\EAGLE-7.2.0\ulp\mill-outlines-hpgl.bmp
F 1269925680 15478 C:\EAGLE-7.2.0\ulp\mill-outlines-inner-polygon-contour.bmp
F 1269925680 15478 C:\EAGLE-7.2.0\ulp\mill-outlines-inner-polygon-contour1.bmp
F 1102993990 31094 C:\EAGLE-7.2.0\ulp\mill-outlines-inside-milling.bmp
F 1102993990 16078 C:\EAGLE-7.2.0\ulp\mill-outlines-isel.bmp
F 1059711060 16078 C:\EAGLE-7.2.0\ulp\mill-outlines-isol-pour.bmp
F 1059711060 16278 C:\EAGLE-7.2.0\ulp\mill-outlines-mildimension.bmp
F 1091592780 9238 C:\EAGLE-7.2.0\ulp\mill-outlines-mirror-nc-bottom.bmp
F 1091592780 9238 C:\EAGLE-7.2.0\ulp\mill-outlines-mirror-nc-top.bmp
F 1017284950 16078 C:\EAGLE-7.2.0\ulp\mill-outlines-mirror.bmp
F 1323749520 15318 C:\EAGLE-7.2.0\ulp\mill-outlines-multi-dimension.bmp
F 1059711060 16078 C:\EAGLE-7.2.0\ulp\mill-outlines-no-blowup.bmp
F 1017284950 16078 C:\EAGLE-7.2.0\ulp\mill-outlines-nomir.bmp
F 1323749520 17798 C:\EAGLE-7.2.0\ulp\mill-outlines-null_reference-drilling.bmp
F 1323749520 17798 C:\EAGLE-7.2.0\ulp\mill-outlines-null_reference.bmp
F 1017284950 16078 C:\EAGLE-7.2.0\ulp\mill-outlines-ovrlpfp.bmp
F 1323749520 16078 C:\EAGLE-7.2.0\ulp\mill-outlines-ovrlppp.bmp
F 1119327300 16078 C:\EAGLE-7.2.0\ulp\mill-outlines-plus-text.bmp
F 1017284950 16078 C:\EAGLE-7.2.0\ulp\mill-outlines-pour.bmp
F 1091592780 7918 C:\EAGLE-7.2.0\ulp\mill-outlines-question.bmp
F 1323749520 16078 C:\EAGLE-7.2.0\ulp\mill-outlines-resolution.bmp
F 1059711060 16078 C:\EAGLE-7.2.0\ulp\mill-outlines-script.bmp
F 1091592780 16078 C:\EAGLE-7.2.0\ulp\mill-outlines-sec-isol.bmp
F 1059711060 16078 C:\EAGLE-7.2.0\ulp\mill-outlines-sec-isolate.bmp
F 1017284950 16078 C:\EAGLE-7.2.0\ulp\mill-outlines-spacing.bmp
F 1059711060 16078 C:\EAGLE-7.2.0\ulp\mill-outlines-top.bmp
F 1017284950 16078 C:\EAGLE-7.2.0\ulp\mill-outlines-via.bmp
F 1375855500 1609 C:\EAGLE-7.2.0\ulp\mill-outlines.def
F 1417068120 267243 C:\EAGLE-7.2.0\ulp\mill-outlines.ulp
F 1323749520 17246 C:\EAGLE-7.2.0\ulp\mirror-board-remirror-element-swap-layer.ulp
F 1263269220 9243 C:\EAGLE-7.2.0\ulp\mirror-board.ulp
F 1334296920 2025 C:\EAGLE-7.2.0\ulp\mkdir.ulp
F 1401689160 2828 C:\EAGLE-7.2.0\ulp\mount-marks-smd.ulp
F 1401689160 2554 C:\EAGLE-7.2.0\ulp\mount-marks.ulp
F 1292213460 10288 C:\EAGLE-7.2.0\ulp\mount-trace.ulp
F 1349676180 1624 C:\EAGLE-7.2.0\ulp\mount.ulp
F 1349676180 2621 C:\EAGLE-7.2.0\ulp\mountsmd.ulp
F 1417093786 8238 C:\EAGLE-7.2.0\ulp\net-bus-labeling.ulp
F 1292213460 15714 C:\EAGLE-7.2.0\ulp\netlist-converter.ulp
F 1017284950 958 C:\EAGLE-7.2.0\ulp\nextdevdescript.ulp
F 1017284950 1000 C:\EAGLE-7.2.0\ulp\nextpacdescript.ulp
F 1231387440 8728 C:\EAGLE-7.2.0\ulp\normalize-text.ulp
F 1080097880 12627 C:\EAGLE-7.2.0\ulp\outlines.ulp
F 1165979780 3972 C:\EAGLE-7.2.0\ulp\panelize.ulp
F 1017284950 2868 C:\EAGLE-7.2.0\ulp\part2html.ulp
F 1349676180 27750 C:\EAGLE-7.2.0\ulp\pcb-service.ulp
F 1017284950 952 C:\EAGLE-7.2.0\ulp\prevdevdescript.ulp
F 1017284950 947 C:\EAGLE-7.2.0\ulp\prevpacdescript.ulp
F 1112069640 66758 C:\EAGLE-7.2.0\ulp\print-inductor-ulp.bmp
F 1112069640 23719 C:\EAGLE-7.2.0\ulp\print-inductor.ulp
F 1112069640 66758 C:\EAGLE-7.2.0\ulp\print-spiral.bmp
F 1375855500 14193 C:\EAGLE-7.2.0\ulp\print-transparent-brd.ulp
F 1017284950 2031 C:\EAGLE-7.2.0\ulp\remove-dev-sym-pac.ulp
F 1323749520 5622 C:\EAGLE-7.2.0\ulp\remove-unused-packages.ulp
F 1214888460 1205 C:\EAGLE-7.2.0\ulp\rename-signal.ulp
F 1112069640 3198 C:\EAGLE-7.2.0\ulp\renamnet-suffix.ulp
F 1401689160 25770 C:\EAGLE-7.2.0\ulp\renumber-sheet.ulp
F 1225080180 671 C:\EAGLE-7.2.0\ulp\run-loop-all-devicesets-script.ulp
F 1144037770 948 C:\EAGLE-7.2.0\ulp\run-loop-all-lbr-script.ulp
F 1144037770 1042 C:\EAGLE-7.2.0\ulp\run-loop-all-lbr-ulp.ulp
F 1225080180 660 C:\EAGLE-7.2.0\ulp\run-loop-all-packages-script.ulp
F 1323749520 852 C:\EAGLE-7.2.0\ulp\run-loop-all-schematic-script.ulp
F 1225080180 657 C:\EAGLE-7.2.0\ulp\run-loop-all-symbols-script.ulp
F 1417093786 1849 C:\EAGLE-7.2.0\ulp\select-sch-group-to-brd-group.ulp
F 1225080180 4761 C:\EAGLE-7.2.0\ulp\set-all-devices-attribute.ulp
F 1417068120 1221 C:\EAGLE-7.2.0\ulp\set_name_value.ulp
F 1334296920 768 C:\EAGLE-7.2.0\ulp\show-group.ulp
F 1375855500 4492 C:\EAGLE-7.2.0\ulp\showclass.ulp
F 1080097880 6706 C:\EAGLE-7.2.0\ulp\silk.ulp
F 1017284950 1273 C:\EAGLE-7.2.0\ulp\smash-all-sch.ulp
F 1017284950 2670 C:\EAGLE-7.2.0\ulp\smd-coordinate.ulp
F 1059711060 10434 C:\EAGLE-7.2.0\ulp\snap-on-grid-sch.ulp
F 1080097880 1094 C:\EAGLE-7.2.0\ulp\snap-pin-in-symbol.ulp
F 1417093786 7963 C:\EAGLE-7.2.0\ulp\spiceorder.ulp
F 1375855500 3236 C:\EAGLE-7.2.0\ulp\spin-all.ulp
F 1059711060 19990 C:\EAGLE-7.2.0\ulp\spiral-coil-ulp.bmp
F 1112069640 15196 C:\EAGLE-7.2.0\ulp\spiral-coil.ulp
F 1417093786 7343 C:\EAGLE-7.2.0\ulp\split-device-symbol.ulp
F 1091592780 86 C:\EAGLE-7.2.0\ulp\statistic-brd-checkmin.val
F 1417093786 90618 C:\EAGLE-7.2.0\ulp\statistic-brd.ulp
F 1275887400 16126 C:\EAGLE-7.2.0\ulp\statistic-copper-plane.ulp
F 1375855500 22256 C:\EAGLE-7.2.0\ulp\statistic-lbr.ulp
F 1417093786 20729 C:\EAGLE-7.2.0\ulp\statistic-sch.ulp
F 1017284950 198 C:\EAGLE-7.2.0\ulp\statistic_attention_min_value.bmp
F 1334296920 26894 C:\EAGLE-7.2.0\ulp\teardrops.ulp
F 1417068120 2874 C:\EAGLE-7.2.0\ulp\trace-layer.ulp
F 1059711060 356 C:\EAGLE-7.2.0\ulp\ulpmessage.ulp
F 1401689160 36173 C:\EAGLE-7.2.0\ulp\unidat.ulp
F 1417068120 320 C:\EAGLE-7.2.0\ulp\update-packages.ulp
F 1017284950 1829 C:\EAGLE-7.2.0\ulp\useful-routines.ulp
F 1401689160 8668 C:\EAGLE-7.2.0\ulp\via-mask-one-layer.ulp
F 1017284950 1126 C:\EAGLE-7.2.0\ulp\warning.bmp
F 0 0 C:\EAGLE-7.2.0\bin\eagle.key
F 1417093786 15077376 C:\EAGLE-7.2.0\bin\eaglecon.exe
R HKEY_LOCAL_MACHINE\Software\CadSoft\EAGLE\7.2.0
R HKEY_LOCAL_MACHINE\Software\Microsoft\Windows\CurrentVersion\App Paths\eagle.exe
R HKEY_CLASSES_ROOT\Applications\eagle.exe\shell\open\command
R HKEY_LOCAL_MACHINE\Software\Microsoft\Windows\CurrentVersion\Uninstall\EAGLE 7.2.0
D C:\ProgramData\Microsoft\Windows\Start Menu\Programs\EAGLE Layout Editor 7.2.0
F 0 0 C:\ProgramData\Microsoft\Windows\Start Menu\Programs\EAGLE Layout Editor 7.2.0\EAGLE 7.2.0.lnk
F 0 0 C:\ProgramData\Microsoft\Windows\Start Menu\Programs\EAGLE Layout Editor 7.2.0\Manual.lnk
F 0 0 C:\ProgramData\Microsoft\Windows\Start Menu\Programs\EAGLE Layout Editor 7.2.0\Tutorial.lnk
F 0 0 C:\ProgramData\Microsoft\Windows\Start Menu\Programs\EAGLE Layout Editor 7.2.0\Update Documentation.lnk
F 0 0 C:\ProgramData\Microsoft\Windows\Start Menu\Programs\EAGLE Layout Editor 7.2.0\Readme.lnk
